<?xml version="1.0" encoding="UTF-8"?>
<testsuite name="com.epam.esm.dao.impl.GiftCertificateDaoImplTest" tests="28" skipped="0" failures="0" errors="0" timestamp="2021-10-26T15:55:58" hostname="LAPTOP-H7LFEN9Q" time="1.324">
  <properties/>
  <testcase name="[1] " classname="com.epam.esm.dao.impl.GiftCertificateDaoImplTest" time="0.431"/>
  <testcase name="[2] " classname="com.epam.esm.dao.impl.GiftCertificateDaoImplTest" time="0.017"/>
  <testcase name="[3] " classname="com.epam.esm.dao.impl.GiftCertificateDaoImplTest" time="0.014"/>
  <testcase name="[4] " classname="com.epam.esm.dao.impl.GiftCertificateDaoImplTest" time="0.013"/>
  <testcase name="[5] " classname="com.epam.esm.dao.impl.GiftCertificateDaoImplTest" time="0.014"/>
  <testcase name="[6] " classname="com.epam.esm.dao.impl.GiftCertificateDaoImplTest" time="0.015"/>
  <testcase name="[7] " classname="com.epam.esm.dao.impl.GiftCertificateDaoImplTest" time="0.017"/>
  <testcase name="[8] " classname="com.epam.esm.dao.impl.GiftCertificateDaoImplTest" time="0.017"/>
  <testcase name="[9] " classname="com.epam.esm.dao.impl.GiftCertificateDaoImplTest" time="0.017"/>
  <testcase name="[1] GiftCertificate(id=0, name=a, description=b, price=1, createDate=2021-10-26T18:55:58.676788200+03:00[Europe/Moscow], lastUpdateDate=2021-10-26T18:55:58.676788200+03:00[Europe/Moscow], duration=0, tags=[])" classname="com.epam.esm.dao.impl.GiftCertificateDaoImplTest" time="0.072"/>
  <testcase name="[2] GiftCertificate(id=0, name=2, description=123, price=1, createDate=2021-10-26T18:55:58.676788200+03:00[Europe/Moscow], lastUpdateDate=2021-10-26T18:55:58.676788200+03:00[Europe/Moscow], duration=0, tags=[])" classname="com.epam.esm.dao.impl.GiftCertificateDaoImplTest" time="0.013"/>
  <testcase name="[3] GiftCertificate(id=0, name=3, description=wow, price=1, createDate=2021-10-26T18:55:58.676788200+03:00[Europe/Moscow], lastUpdateDate=2021-10-26T18:55:58.676788200+03:00[Europe/Moscow], duration=0, tags=[])" classname="com.epam.esm.dao.impl.GiftCertificateDaoImplTest" time="0.011"/>
  <testcase name="[1] GiftCertificate(id=0, name=a, description=b, price=1, createDate=2021-10-26T18:55:58.824394300+03:00[Europe/Moscow], lastUpdateDate=2021-10-26T18:55:58.824394300+03:00[Europe/Moscow], duration=0, tags=[])" classname="com.epam.esm.dao.impl.GiftCertificateDaoImplTest" time="0.271"/>
  <testcase name="[2] GiftCertificate(id=0, name=2, description=123, price=1, createDate=2021-10-26T18:55:58.824394300+03:00[Europe/Moscow], lastUpdateDate=2021-10-26T18:55:58.824394300+03:00[Europe/Moscow], duration=0, tags=[])" classname="com.epam.esm.dao.impl.GiftCertificateDaoImplTest" time="0.035"/>
  <testcase name="[3] GiftCertificate(id=0, name=3, description=wow, price=1, createDate=2021-10-26T18:55:58.824394300+03:00[Europe/Moscow], lastUpdateDate=2021-10-26T18:55:58.824394300+03:00[Europe/Moscow], duration=0, tags=[])" classname="com.epam.esm.dao.impl.GiftCertificateDaoImplTest" time="0.029"/>
  <testcase name="[1] 100" classname="com.epam.esm.dao.impl.GiftCertificateDaoImplTest" time="0.011"/>
  <testcase name="[2] 213" classname="com.epam.esm.dao.impl.GiftCertificateDaoImplTest" time="0.01"/>
  <testcase name="[3] 9223372036854775807" classname="com.epam.esm.dao.impl.GiftCertificateDaoImplTest" time="0.016"/>
  <testcase name="[4] -9223372036854775808" classname="com.epam.esm.dao.impl.GiftCertificateDaoImplTest" time="0.014"/>
  <testcase name="[1] GiftCertificate(id=0, name=a, description=b, price=1, createDate=2021-10-26T18:55:59.234296200+03:00[Europe/Moscow], lastUpdateDate=2021-10-26T18:55:59.234296200+03:00[Europe/Moscow], duration=0, tags=[])" classname="com.epam.esm.dao.impl.GiftCertificateDaoImplTest" time="0.023"/>
  <testcase name="[2] GiftCertificate(id=0, name=2, description=123, price=1, createDate=2021-10-26T18:55:59.234296200+03:00[Europe/Moscow], lastUpdateDate=2021-10-26T18:55:59.234296200+03:00[Europe/Moscow], duration=0, tags=[])" classname="com.epam.esm.dao.impl.GiftCertificateDaoImplTest" time="0.016"/>
  <testcase name="[3] GiftCertificate(id=0, name=3, description=wow, price=1, createDate=2021-10-26T18:55:59.234296200+03:00[Europe/Moscow], lastUpdateDate=2021-10-26T18:55:59.234296200+03:00[Europe/Moscow], duration=0, tags=[])" classname="com.epam.esm.dao.impl.GiftCertificateDaoImplTest" time="0.008"/>
  <testcase name="[1] GiftCertificate(id=0, name=a, description=b, price=1, createDate=2021-10-26T18:55:59.290146500+03:00[Europe/Moscow], lastUpdateDate=2021-10-26T18:55:59.290146500+03:00[Europe/Moscow], duration=0, tags=[]), GiftCertificate(id=0, name=2, description=123, price=1, createDate=2021-10-26T18:55:59.290146500+03:00[Europe/Moscow], lastUpdateDate=2021-10-26T18:55:59.290146500+03:00[Europe/Moscow], duration=0, tags=[]), GiftCertificate(id=0, name=3, description=wow, price=1, createDate=2021-10-26T18:55:59.290146500+03:00[Europe/Moscow], lastUpdateDate=2021-10-26T18:55:59.290146500+03:00[Europe/Moscow], duration=0, tags=[])" classname="com.epam.esm.dao.impl.GiftCertificateDaoImplTest" time="0.021"/>
  <testcase name="shouldReturnUpdatedCertificateTest()" classname="com.epam.esm.dao.impl.GiftCertificateDaoImplTest" time="0.025"/>
  <testcase name="[1] 100" classname="com.epam.esm.dao.impl.GiftCertificateDaoImplTest" time="0.027"/>
  <testcase name="[2] 213" classname="com.epam.esm.dao.impl.GiftCertificateDaoImplTest" time="0.012"/>
  <testcase name="[3] 9223372036854775807" classname="com.epam.esm.dao.impl.GiftCertificateDaoImplTest" time="0.01"/>
  <testcase name="[4] -9223372036854775808" classname="com.epam.esm.dao.impl.GiftCertificateDaoImplTest" time="0.012"/>
  <system-out><![CDATA[18:55:50.871 [Test worker] DEBUG org.springframework.test.context.BootstrapUtils - Instantiating CacheAwareContextLoaderDelegate from class [org.springframework.test.context.cache.DefaultCacheAwareContextLoaderDelegate]
18:55:50.898 [Test worker] DEBUG org.springframework.test.context.BootstrapUtils - Instantiating BootstrapContext using constructor [public org.springframework.test.context.support.DefaultBootstrapContext(java.lang.Class,org.springframework.test.context.CacheAwareContextLoaderDelegate)]
18:55:50.981 [Test worker] DEBUG org.springframework.test.context.BootstrapUtils - Instantiating TestContextBootstrapper for test class [com.epam.esm.dao.impl.GiftCertificateDaoImplTest] from class [org.springframework.boot.test.context.SpringBootTestContextBootstrapper]
18:55:51.015 [Test worker] INFO org.springframework.boot.test.context.SpringBootTestContextBootstrapper - Neither @ContextConfiguration nor @ContextHierarchy found for test class [com.epam.esm.dao.impl.GiftCertificateDaoImplTest], using SpringBootContextLoader
18:55:51.025 [Test worker] DEBUG org.springframework.test.context.support.AbstractContextLoader - Did not detect default resource location for test class [com.epam.esm.dao.impl.GiftCertificateDaoImplTest]: class path resource [com/epam/esm/dao/impl/GiftCertificateDaoImplTest-context.xml] does not exist
18:55:51.026 [Test worker] DEBUG org.springframework.test.context.support.AbstractContextLoader - Did not detect default resource location for test class [com.epam.esm.dao.impl.GiftCertificateDaoImplTest]: class path resource [com/epam/esm/dao/impl/GiftCertificateDaoImplTestContext.groovy] does not exist
18:55:51.027 [Test worker] INFO org.springframework.test.context.support.AbstractContextLoader - Could not detect default resource locations for test class [com.epam.esm.dao.impl.GiftCertificateDaoImplTest]: no resource found for suffixes {-context.xml, Context.groovy}.
18:55:51.145 [Test worker] DEBUG org.springframework.test.context.support.ActiveProfilesUtils - Could not find an 'annotation declaring class' for annotation type [org.springframework.test.context.ActiveProfiles] and class [com.epam.esm.dao.impl.GiftCertificateDaoImplTest]
18:55:51.370 [Test worker] DEBUG org.springframework.boot.test.context.SpringBootTestContextBootstrapper - @TestExecutionListeners is not present for class [com.epam.esm.dao.impl.GiftCertificateDaoImplTest]: using defaults.
18:55:51.371 [Test worker] INFO org.springframework.boot.test.context.SpringBootTestContextBootstrapper - Loaded default TestExecutionListener class names from location [META-INF/spring.factories]: [org.springframework.boot.test.autoconfigure.restdocs.RestDocsTestExecutionListener, org.springframework.boot.test.autoconfigure.web.client.MockRestServiceServerResetTestExecutionListener, org.springframework.boot.test.autoconfigure.web.servlet.MockMvcPrintOnlyOnFailureTestExecutionListener, org.springframework.boot.test.autoconfigure.web.servlet.WebDriverTestExecutionListener, org.springframework.boot.test.autoconfigure.webservices.client.MockWebServiceServerTestExecutionListener, org.springframework.boot.test.mock.mockito.MockitoTestExecutionListener, org.springframework.boot.test.mock.mockito.ResetMocksTestExecutionListener, org.springframework.test.context.web.ServletTestExecutionListener, org.springframework.test.context.support.DirtiesContextBeforeModesTestExecutionListener, org.springframework.test.context.event.ApplicationEventsTestExecutionListener, org.springframework.test.context.support.DependencyInjectionTestExecutionListener, org.springframework.test.context.support.DirtiesContextTestExecutionListener, org.springframework.test.context.transaction.TransactionalTestExecutionListener, org.springframework.test.context.jdbc.SqlScriptsTestExecutionListener, org.springframework.test.context.event.EventPublishingTestExecutionListener]
18:55:51.387 [Test worker] DEBUG org.springframework.boot.test.context.SpringBootTestContextBootstrapper - Skipping candidate TestExecutionListener [org.springframework.test.context.web.ServletTestExecutionListener] due to a missing dependency. Specify custom listener classes or make the default listener classes and their required dependencies available. Offending class: [javax/servlet/ServletContext]
18:55:51.401 [Test worker] INFO org.springframework.boot.test.context.SpringBootTestContextBootstrapper - Using TestExecutionListeners: [org.springframework.test.context.support.DirtiesContextBeforeModesTestExecutionListener@411341bd, org.springframework.test.context.event.ApplicationEventsTestExecutionListener@4c4d362a, org.springframework.boot.test.mock.mockito.MockitoTestExecutionListener@5400db36, org.springframework.boot.test.autoconfigure.SpringBootDependencyInjectionTestExecutionListener@76b74e9c, org.springframework.test.context.support.DirtiesContextTestExecutionListener@2d72f75e, org.springframework.test.context.transaction.TransactionalTestExecutionListener@8ab78bc, org.springframework.test.context.jdbc.SqlScriptsTestExecutionListener@5aa0dbf4, org.springframework.test.context.event.EventPublishingTestExecutionListener@16afbd92, org.springframework.boot.test.autoconfigure.restdocs.RestDocsTestExecutionListener@2c5d601e, org.springframework.boot.test.autoconfigure.web.client.MockRestServiceServerResetTestExecutionListener@7fe083b1, org.springframework.boot.test.autoconfigure.web.servlet.MockMvcPrintOnlyOnFailureTestExecutionListener@23c388c2, org.springframework.boot.test.autoconfigure.web.servlet.WebDriverTestExecutionListener@486be205, org.springframework.boot.test.autoconfigure.webservices.client.MockWebServiceServerTestExecutionListener@f713686, org.springframework.boot.test.mock.mockito.ResetMocksTestExecutionListener@74f7d1d2]
18:55:51.408 [Test worker] DEBUG org.springframework.test.context.support.AbstractDirtiesContextTestExecutionListener - Before test class: context [DefaultTestContext@5a021cb9 testClass = GiftCertificateDaoImplTest, testInstance = [null], testMethod = [null], testException = [null], mergedContextConfiguration = [MergedContextConfiguration@51768776 testClass = GiftCertificateDaoImplTest, locations = '{}', classes = '{class com.epam.esm.config.DatabaseConfig}', contextInitializerClasses = '[]', activeProfiles = '{}', propertySourceLocations = '{}', propertySourceProperties = '{org.springframework.boot.test.context.SpringBootTestContextBootstrapper=true}', contextCustomizers = set[org.springframework.boot.test.autoconfigure.actuate.metrics.MetricsExportContextCustomizerFactory$DisableMetricExportContextCustomizer@29df4d43, org.springframework.boot.test.autoconfigure.properties.PropertyMappingContextCustomizer@0, org.springframework.boot.test.autoconfigure.web.servlet.WebDriverContextCustomizerFactory$Customizer@163d04ff, org.springframework.boot.test.context.filter.ExcludeFilterContextCustomizer@788fcafb, org.springframework.boot.test.json.DuplicateJsonObjectContextCustomizerFactory$DuplicateJsonObjectContextCustomizer@1698ee84, org.springframework.boot.test.mock.mockito.MockitoContextCustomizer@0, org.springframework.boot.test.web.client.TestRestTemplateContextCustomizer@5af3a0f, org.springframework.boot.test.context.SpringBootTestArgs@1, org.springframework.boot.test.context.SpringBootTestWebEnvironment@15a04efb], contextLoader = 'org.springframework.boot.test.context.SpringBootContextLoader', parent = [null]], attributes = map[[empty]]], class annotated with @DirtiesContext [false] with mode [null].
18:55:51.510 [Test worker] DEBUG org.springframework.test.context.support.TestPropertySourceUtils - Adding inlined properties to environment: {spring.jmx.enabled=false, org.springframework.boot.test.context.SpringBootTestContextBootstrapper=true}
2021-10-26 18:55:52.040  INFO 13264 --- [    Test worker] c.e.e.d.impl.GiftCertificateDaoImplTest  : Starting GiftCertificateDaoImplTest using Java 11.0.12 on LAPTOP-H7LFEN9Q with PID 13264 (started by Иван in C:\dev\epam\rest_advanced_mjc\persistence)
2021-10-26 18:55:52.045  INFO 13264 --- [    Test worker] c.e.e.d.impl.GiftCertificateDaoImplTest  : No active profile set, falling back to default profiles: default
2021-10-26 18:55:52.878  INFO 13264 --- [    Test worker] .s.d.r.c.RepositoryConfigurationDelegate : Bootstrapping Spring Data JPA repositories in DEFAULT mode.
2021-10-26 18:55:52.901  INFO 13264 --- [    Test worker] .s.d.r.c.RepositoryConfigurationDelegate : Finished Spring Data repository scanning in 8 ms. Found 0 JPA repository interfaces.
2021-10-26 18:55:53.497  INFO 13264 --- [    Test worker] com.zaxxer.hikari.HikariDataSource       : HikariPool-1 - Starting...
2021-10-26 18:55:53.884  INFO 13264 --- [    Test worker] com.zaxxer.hikari.HikariDataSource       : HikariPool-1 - Start completed.
2021-10-26 18:55:54.340  INFO 13264 --- [    Test worker] o.hibernate.jpa.internal.util.LogHelper  : HHH000204: Processing PersistenceUnitInfo [name: default]
2021-10-26 18:55:54.477  INFO 13264 --- [    Test worker] org.hibernate.Version                    : HHH000412: Hibernate ORM core version 5.4.32.Final
2021-10-26 18:55:54.796  INFO 13264 --- [    Test worker] o.hibernate.annotations.common.Version   : HCANN000001: Hibernate Commons Annotations {5.1.2.Final}
2021-10-26 18:55:55.070  INFO 13264 --- [    Test worker] org.hibernate.dialect.Dialect            : HHH000400: Using dialect: org.hibernate.dialect.H2Dialect
2021-10-26 18:55:55.194  INFO 13264 --- [    Test worker] o.h.e.boot.internal.EnversServiceImpl    : Envers integration enabled? : true
2021-10-26 18:55:57.639  INFO 13264 --- [    Test worker] o.h.e.t.j.p.i.JtaPlatformInitiator       : HHH000490: Using JtaPlatform implementation: [org.hibernate.engine.transaction.jta.platform.internal.NoJtaPlatform]
2021-10-26 18:55:57.657  INFO 13264 --- [    Test worker] j.LocalContainerEntityManagerFactoryBean : Initialized JPA EntityManagerFactory for persistence unit 'default'
2021-10-26 18:55:58.054  INFO 13264 --- [    Test worker] c.e.e.d.impl.GiftCertificateDaoImplTest  : Started GiftCertificateDaoImplTest in 6.538 seconds (JVM running for 9.148)
2021-10-26 18:55:58.200  INFO 13264 --- [    Test worker] o.s.t.c.transaction.TransactionContext   : Began transaction (1) for test context [DefaultTestContext@5a021cb9 testClass = GiftCertificateDaoImplTest, testInstance = com.epam.esm.dao.impl.GiftCertificateDaoImplTest@7b4c793b, testMethod = shouldNotThrowExceptionDeleteCertificateCorrectDataTest@GiftCertificateDaoImplTest, testException = [null], mergedContextConfiguration = [MergedContextConfiguration@51768776 testClass = GiftCertificateDaoImplTest, locations = '{}', classes = '{class com.epam.esm.config.DatabaseConfig}', contextInitializerClasses = '[]', activeProfiles = '{}', propertySourceLocations = '{}', propertySourceProperties = '{org.springframework.boot.test.context.SpringBootTestContextBootstrapper=true}', contextCustomizers = set[org.springframework.boot.test.autoconfigure.actuate.metrics.MetricsExportContextCustomizerFactory$DisableMetricExportContextCustomizer@29df4d43, org.springframework.boot.test.autoconfigure.properties.PropertyMappingContextCustomizer@0, org.springframework.boot.test.autoconfigure.web.servlet.WebDriverContextCustomizerFactory$Customizer@163d04ff, org.springframework.boot.test.context.filter.ExcludeFilterContextCustomizer@788fcafb, org.springframework.boot.test.json.DuplicateJsonObjectContextCustomizerFactory$DuplicateJsonObjectContextCustomizer@1698ee84, org.springframework.boot.test.mock.mockito.MockitoContextCustomizer@0, org.springframework.boot.test.web.client.TestRestTemplateContextCustomizer@5af3a0f, org.springframework.boot.test.context.SpringBootTestArgs@1, org.springframework.boot.test.context.SpringBootTestWebEnvironment@15a04efb], contextLoader = 'org.springframework.boot.test.context.SpringBootContextLoader', parent = [null]], attributes = map['org.springframework.test.context.event.ApplicationEventsTestExecutionListener.recordApplicationEvents' -> false]]; transaction manager [org.springframework.orm.jpa.JpaTransactionManager@47fc9ce]; rollback [true]
Hibernate: select giftcertif0_.id as id1_4_0_, giftcertif0_.create_date as create_d2_4_0_, giftcertif0_.description as descript3_4_0_, giftcertif0_.duration as duration4_4_0_, giftcertif0_.last_update_date as last_upd5_4_0_, giftcertif0_.name as name6_4_0_, giftcertif0_.price as price7_4_0_ from certificates giftcertif0_ where giftcertif0_.id=?
Hibernate: select tags0_.certificate_id as certific1_2_0_, tags0_.tag_id as tag_id2_2_0_, tag1_.id as id1_7_1_, tag1_.name as name2_7_1_ from certificate_tags tags0_ inner join tags tag1_ on tags0_.tag_id=tag1_.id where tags0_.certificate_id=?
2021-10-26 18:55:58.506  INFO 13264 --- [    Test worker] o.s.t.c.transaction.TransactionContext   : Rolled back transaction for test: [DefaultTestContext@5a021cb9 testClass = GiftCertificateDaoImplTest, testInstance = com.epam.esm.dao.impl.GiftCertificateDaoImplTest@7b4c793b, testMethod = shouldNotThrowExceptionDeleteCertificateCorrectDataTest@GiftCertificateDaoImplTest, testException = [null], mergedContextConfiguration = [MergedContextConfiguration@51768776 testClass = GiftCertificateDaoImplTest, locations = '{}', classes = '{class com.epam.esm.config.DatabaseConfig}', contextInitializerClasses = '[]', activeProfiles = '{}', propertySourceLocations = '{}', propertySourceProperties = '{org.springframework.boot.test.context.SpringBootTestContextBootstrapper=true}', contextCustomizers = set[org.springframework.boot.test.autoconfigure.actuate.metrics.MetricsExportContextCustomizerFactory$DisableMetricExportContextCustomizer@29df4d43, org.springframework.boot.test.autoconfigure.properties.PropertyMappingContextCustomizer@0, org.springframework.boot.test.autoconfigure.web.servlet.WebDriverContextCustomizerFactory$Customizer@163d04ff, org.springframework.boot.test.context.filter.ExcludeFilterContextCustomizer@788fcafb, org.springframework.boot.test.json.DuplicateJsonObjectContextCustomizerFactory$DuplicateJsonObjectContextCustomizer@1698ee84, org.springframework.boot.test.mock.mockito.MockitoContextCustomizer@0, org.springframework.boot.test.web.client.TestRestTemplateContextCustomizer@5af3a0f, org.springframework.boot.test.context.SpringBootTestArgs@1, org.springframework.boot.test.context.SpringBootTestWebEnvironment@15a04efb], contextLoader = 'org.springframework.boot.test.context.SpringBootContextLoader', parent = [null]], attributes = map['org.springframework.test.context.event.ApplicationEventsTestExecutionListener.recordApplicationEvents' -> false]]
2021-10-26 18:55:58.524  INFO 13264 --- [    Test worker] o.s.t.c.transaction.TransactionContext   : Began transaction (1) for test context [DefaultTestContext@5a021cb9 testClass = GiftCertificateDaoImplTest, testInstance = com.epam.esm.dao.impl.GiftCertificateDaoImplTest@2dfab167, testMethod = shouldNotThrowExceptionDeleteCertificateCorrectDataTest@GiftCertificateDaoImplTest, testException = [null], mergedContextConfiguration = [MergedContextConfiguration@51768776 testClass = GiftCertificateDaoImplTest, locations = '{}', classes = '{class com.epam.esm.config.DatabaseConfig}', contextInitializerClasses = '[]', activeProfiles = '{}', propertySourceLocations = '{}', propertySourceProperties = '{org.springframework.boot.test.context.SpringBootTestContextBootstrapper=true}', contextCustomizers = set[org.springframework.boot.test.autoconfigure.actuate.metrics.MetricsExportContextCustomizerFactory$DisableMetricExportContextCustomizer@29df4d43, org.springframework.boot.test.autoconfigure.properties.PropertyMappingContextCustomizer@0, org.springframework.boot.test.autoconfigure.web.servlet.WebDriverContextCustomizerFactory$Customizer@163d04ff, org.springframework.boot.test.context.filter.ExcludeFilterContextCustomizer@788fcafb, org.springframework.boot.test.json.DuplicateJsonObjectContextCustomizerFactory$DuplicateJsonObjectContextCustomizer@1698ee84, org.springframework.boot.test.mock.mockito.MockitoContextCustomizer@0, org.springframework.boot.test.web.client.TestRestTemplateContextCustomizer@5af3a0f, org.springframework.boot.test.context.SpringBootTestArgs@1, org.springframework.boot.test.context.SpringBootTestWebEnvironment@15a04efb], contextLoader = 'org.springframework.boot.test.context.SpringBootContextLoader', parent = [null]], attributes = map['org.springframework.test.context.event.ApplicationEventsTestExecutionListener.recordApplicationEvents' -> false]]; transaction manager [org.springframework.orm.jpa.JpaTransactionManager@47fc9ce]; rollback [true]
Hibernate: select giftcertif0_.id as id1_4_0_, giftcertif0_.create_date as create_d2_4_0_, giftcertif0_.description as descript3_4_0_, giftcertif0_.duration as duration4_4_0_, giftcertif0_.last_update_date as last_upd5_4_0_, giftcertif0_.name as name6_4_0_, giftcertif0_.price as price7_4_0_ from certificates giftcertif0_ where giftcertif0_.id=?
Hibernate: select tags0_.certificate_id as certific1_2_0_, tags0_.tag_id as tag_id2_2_0_, tag1_.id as id1_7_1_, tag1_.name as name2_7_1_ from certificate_tags tags0_ inner join tags tag1_ on tags0_.tag_id=tag1_.id where tags0_.certificate_id=?
2021-10-26 18:55:58.537  INFO 13264 --- [    Test worker] o.s.t.c.transaction.TransactionContext   : Rolled back transaction for test: [DefaultTestContext@5a021cb9 testClass = GiftCertificateDaoImplTest, testInstance = com.epam.esm.dao.impl.GiftCertificateDaoImplTest@2dfab167, testMethod = shouldNotThrowExceptionDeleteCertificateCorrectDataTest@GiftCertificateDaoImplTest, testException = [null], mergedContextConfiguration = [MergedContextConfiguration@51768776 testClass = GiftCertificateDaoImplTest, locations = '{}', classes = '{class com.epam.esm.config.DatabaseConfig}', contextInitializerClasses = '[]', activeProfiles = '{}', propertySourceLocations = '{}', propertySourceProperties = '{org.springframework.boot.test.context.SpringBootTestContextBootstrapper=true}', contextCustomizers = set[org.springframework.boot.test.autoconfigure.actuate.metrics.MetricsExportContextCustomizerFactory$DisableMetricExportContextCustomizer@29df4d43, org.springframework.boot.test.autoconfigure.properties.PropertyMappingContextCustomizer@0, org.springframework.boot.test.autoconfigure.web.servlet.WebDriverContextCustomizerFactory$Customizer@163d04ff, org.springframework.boot.test.context.filter.ExcludeFilterContextCustomizer@788fcafb, org.springframework.boot.test.json.DuplicateJsonObjectContextCustomizerFactory$DuplicateJsonObjectContextCustomizer@1698ee84, org.springframework.boot.test.mock.mockito.MockitoContextCustomizer@0, org.springframework.boot.test.web.client.TestRestTemplateContextCustomizer@5af3a0f, org.springframework.boot.test.context.SpringBootTestArgs@1, org.springframework.boot.test.context.SpringBootTestWebEnvironment@15a04efb], contextLoader = 'org.springframework.boot.test.context.SpringBootContextLoader', parent = [null]], attributes = map['org.springframework.test.context.event.ApplicationEventsTestExecutionListener.recordApplicationEvents' -> false]]
2021-10-26 18:55:58.545  INFO 13264 --- [    Test worker] o.s.t.c.transaction.TransactionContext   : Began transaction (1) for test context [DefaultTestContext@5a021cb9 testClass = GiftCertificateDaoImplTest, testInstance = com.epam.esm.dao.impl.GiftCertificateDaoImplTest@52b49891, testMethod = shouldNotThrowExceptionDeleteCertificateCorrectDataTest@GiftCertificateDaoImplTest, testException = [null], mergedContextConfiguration = [MergedContextConfiguration@51768776 testClass = GiftCertificateDaoImplTest, locations = '{}', classes = '{class com.epam.esm.config.DatabaseConfig}', contextInitializerClasses = '[]', activeProfiles = '{}', propertySourceLocations = '{}', propertySourceProperties = '{org.springframework.boot.test.context.SpringBootTestContextBootstrapper=true}', contextCustomizers = set[org.springframework.boot.test.autoconfigure.actuate.metrics.MetricsExportContextCustomizerFactory$DisableMetricExportContextCustomizer@29df4d43, org.springframework.boot.test.autoconfigure.properties.PropertyMappingContextCustomizer@0, org.springframework.boot.test.autoconfigure.web.servlet.WebDriverContextCustomizerFactory$Customizer@163d04ff, org.springframework.boot.test.context.filter.ExcludeFilterContextCustomizer@788fcafb, org.springframework.boot.test.json.DuplicateJsonObjectContextCustomizerFactory$DuplicateJsonObjectContextCustomizer@1698ee84, org.springframework.boot.test.mock.mockito.MockitoContextCustomizer@0, org.springframework.boot.test.web.client.TestRestTemplateContextCustomizer@5af3a0f, org.springframework.boot.test.context.SpringBootTestArgs@1, org.springframework.boot.test.context.SpringBootTestWebEnvironment@15a04efb], contextLoader = 'org.springframework.boot.test.context.SpringBootContextLoader', parent = [null]], attributes = map['org.springframework.test.context.event.ApplicationEventsTestExecutionListener.recordApplicationEvents' -> false]]; transaction manager [org.springframework.orm.jpa.JpaTransactionManager@47fc9ce]; rollback [true]
Hibernate: select giftcertif0_.id as id1_4_0_, giftcertif0_.create_date as create_d2_4_0_, giftcertif0_.description as descript3_4_0_, giftcertif0_.duration as duration4_4_0_, giftcertif0_.last_update_date as last_upd5_4_0_, giftcertif0_.name as name6_4_0_, giftcertif0_.price as price7_4_0_ from certificates giftcertif0_ where giftcertif0_.id=?
Hibernate: select tags0_.certificate_id as certific1_2_0_, tags0_.tag_id as tag_id2_2_0_, tag1_.id as id1_7_1_, tag1_.name as name2_7_1_ from certificate_tags tags0_ inner join tags tag1_ on tags0_.tag_id=tag1_.id where tags0_.certificate_id=?
2021-10-26 18:55:58.555  INFO 13264 --- [    Test worker] o.s.t.c.transaction.TransactionContext   : Rolled back transaction for test: [DefaultTestContext@5a021cb9 testClass = GiftCertificateDaoImplTest, testInstance = com.epam.esm.dao.impl.GiftCertificateDaoImplTest@52b49891, testMethod = shouldNotThrowExceptionDeleteCertificateCorrectDataTest@GiftCertificateDaoImplTest, testException = [null], mergedContextConfiguration = [MergedContextConfiguration@51768776 testClass = GiftCertificateDaoImplTest, locations = '{}', classes = '{class com.epam.esm.config.DatabaseConfig}', contextInitializerClasses = '[]', activeProfiles = '{}', propertySourceLocations = '{}', propertySourceProperties = '{org.springframework.boot.test.context.SpringBootTestContextBootstrapper=true}', contextCustomizers = set[org.springframework.boot.test.autoconfigure.actuate.metrics.MetricsExportContextCustomizerFactory$DisableMetricExportContextCustomizer@29df4d43, org.springframework.boot.test.autoconfigure.properties.PropertyMappingContextCustomizer@0, org.springframework.boot.test.autoconfigure.web.servlet.WebDriverContextCustomizerFactory$Customizer@163d04ff, org.springframework.boot.test.context.filter.ExcludeFilterContextCustomizer@788fcafb, org.springframework.boot.test.json.DuplicateJsonObjectContextCustomizerFactory$DuplicateJsonObjectContextCustomizer@1698ee84, org.springframework.boot.test.mock.mockito.MockitoContextCustomizer@0, org.springframework.boot.test.web.client.TestRestTemplateContextCustomizer@5af3a0f, org.springframework.boot.test.context.SpringBootTestArgs@1, org.springframework.boot.test.context.SpringBootTestWebEnvironment@15a04efb], contextLoader = 'org.springframework.boot.test.context.SpringBootContextLoader', parent = [null]], attributes = map['org.springframework.test.context.event.ApplicationEventsTestExecutionListener.recordApplicationEvents' -> false]]
2021-10-26 18:55:58.560  INFO 13264 --- [    Test worker] o.s.t.c.transaction.TransactionContext   : Began transaction (1) for test context [DefaultTestContext@5a021cb9 testClass = GiftCertificateDaoImplTest, testInstance = com.epam.esm.dao.impl.GiftCertificateDaoImplTest@5440a3a, testMethod = shouldNotThrowExceptionDeleteCertificateCorrectDataTest@GiftCertificateDaoImplTest, testException = [null], mergedContextConfiguration = [MergedContextConfiguration@51768776 testClass = GiftCertificateDaoImplTest, locations = '{}', classes = '{class com.epam.esm.config.DatabaseConfig}', contextInitializerClasses = '[]', activeProfiles = '{}', propertySourceLocations = '{}', propertySourceProperties = '{org.springframework.boot.test.context.SpringBootTestContextBootstrapper=true}', contextCustomizers = set[org.springframework.boot.test.autoconfigure.actuate.metrics.MetricsExportContextCustomizerFactory$DisableMetricExportContextCustomizer@29df4d43, org.springframework.boot.test.autoconfigure.properties.PropertyMappingContextCustomizer@0, org.springframework.boot.test.autoconfigure.web.servlet.WebDriverContextCustomizerFactory$Customizer@163d04ff, org.springframework.boot.test.context.filter.ExcludeFilterContextCustomizer@788fcafb, org.springframework.boot.test.json.DuplicateJsonObjectContextCustomizerFactory$DuplicateJsonObjectContextCustomizer@1698ee84, org.springframework.boot.test.mock.mockito.MockitoContextCustomizer@0, org.springframework.boot.test.web.client.TestRestTemplateContextCustomizer@5af3a0f, org.springframework.boot.test.context.SpringBootTestArgs@1, org.springframework.boot.test.context.SpringBootTestWebEnvironment@15a04efb], contextLoader = 'org.springframework.boot.test.context.SpringBootContextLoader', parent = [null]], attributes = map['org.springframework.test.context.event.ApplicationEventsTestExecutionListener.recordApplicationEvents' -> false]]; transaction manager [org.springframework.orm.jpa.JpaTransactionManager@47fc9ce]; rollback [true]
Hibernate: select giftcertif0_.id as id1_4_0_, giftcertif0_.create_date as create_d2_4_0_, giftcertif0_.description as descript3_4_0_, giftcertif0_.duration as duration4_4_0_, giftcertif0_.last_update_date as last_upd5_4_0_, giftcertif0_.name as name6_4_0_, giftcertif0_.price as price7_4_0_ from certificates giftcertif0_ where giftcertif0_.id=?
Hibernate: select tags0_.certificate_id as certific1_2_0_, tags0_.tag_id as tag_id2_2_0_, tag1_.id as id1_7_1_, tag1_.name as name2_7_1_ from certificate_tags tags0_ inner join tags tag1_ on tags0_.tag_id=tag1_.id where tags0_.certificate_id=?
2021-10-26 18:55:58.571  INFO 13264 --- [    Test worker] o.s.t.c.transaction.TransactionContext   : Rolled back transaction for test: [DefaultTestContext@5a021cb9 testClass = GiftCertificateDaoImplTest, testInstance = com.epam.esm.dao.impl.GiftCertificateDaoImplTest@5440a3a, testMethod = shouldNotThrowExceptionDeleteCertificateCorrectDataTest@GiftCertificateDaoImplTest, testException = [null], mergedContextConfiguration = [MergedContextConfiguration@51768776 testClass = GiftCertificateDaoImplTest, locations = '{}', classes = '{class com.epam.esm.config.DatabaseConfig}', contextInitializerClasses = '[]', activeProfiles = '{}', propertySourceLocations = '{}', propertySourceProperties = '{org.springframework.boot.test.context.SpringBootTestContextBootstrapper=true}', contextCustomizers = set[org.springframework.boot.test.autoconfigure.actuate.metrics.MetricsExportContextCustomizerFactory$DisableMetricExportContextCustomizer@29df4d43, org.springframework.boot.test.autoconfigure.properties.PropertyMappingContextCustomizer@0, org.springframework.boot.test.autoconfigure.web.servlet.WebDriverContextCustomizerFactory$Customizer@163d04ff, org.springframework.boot.test.context.filter.ExcludeFilterContextCustomizer@788fcafb, org.springframework.boot.test.json.DuplicateJsonObjectContextCustomizerFactory$DuplicateJsonObjectContextCustomizer@1698ee84, org.springframework.boot.test.mock.mockito.MockitoContextCustomizer@0, org.springframework.boot.test.web.client.TestRestTemplateContextCustomizer@5af3a0f, org.springframework.boot.test.context.SpringBootTestArgs@1, org.springframework.boot.test.context.SpringBootTestWebEnvironment@15a04efb], contextLoader = 'org.springframework.boot.test.context.SpringBootContextLoader', parent = [null]], attributes = map['org.springframework.test.context.event.ApplicationEventsTestExecutionListener.recordApplicationEvents' -> false]]
2021-10-26 18:55:58.577  INFO 13264 --- [    Test worker] o.s.t.c.transaction.TransactionContext   : Began transaction (1) for test context [DefaultTestContext@5a021cb9 testClass = GiftCertificateDaoImplTest, testInstance = com.epam.esm.dao.impl.GiftCertificateDaoImplTest@7dcc0296, testMethod = shouldNotThrowExceptionDeleteCertificateCorrectDataTest@GiftCertificateDaoImplTest, testException = [null], mergedContextConfiguration = [MergedContextConfiguration@51768776 testClass = GiftCertificateDaoImplTest, locations = '{}', classes = '{class com.epam.esm.config.DatabaseConfig}', contextInitializerClasses = '[]', activeProfiles = '{}', propertySourceLocations = '{}', propertySourceProperties = '{org.springframework.boot.test.context.SpringBootTestContextBootstrapper=true}', contextCustomizers = set[org.springframework.boot.test.autoconfigure.actuate.metrics.MetricsExportContextCustomizerFactory$DisableMetricExportContextCustomizer@29df4d43, org.springframework.boot.test.autoconfigure.properties.PropertyMappingContextCustomizer@0, org.springframework.boot.test.autoconfigure.web.servlet.WebDriverContextCustomizerFactory$Customizer@163d04ff, org.springframework.boot.test.context.filter.ExcludeFilterContextCustomizer@788fcafb, org.springframework.boot.test.json.DuplicateJsonObjectContextCustomizerFactory$DuplicateJsonObjectContextCustomizer@1698ee84, org.springframework.boot.test.mock.mockito.MockitoContextCustomizer@0, org.springframework.boot.test.web.client.TestRestTemplateContextCustomizer@5af3a0f, org.springframework.boot.test.context.SpringBootTestArgs@1, org.springframework.boot.test.context.SpringBootTestWebEnvironment@15a04efb], contextLoader = 'org.springframework.boot.test.context.SpringBootContextLoader', parent = [null]], attributes = map['org.springframework.test.context.event.ApplicationEventsTestExecutionListener.recordApplicationEvents' -> false]]; transaction manager [org.springframework.orm.jpa.JpaTransactionManager@47fc9ce]; rollback [true]
Hibernate: select giftcertif0_.id as id1_4_0_, giftcertif0_.create_date as create_d2_4_0_, giftcertif0_.description as descript3_4_0_, giftcertif0_.duration as duration4_4_0_, giftcertif0_.last_update_date as last_upd5_4_0_, giftcertif0_.name as name6_4_0_, giftcertif0_.price as price7_4_0_ from certificates giftcertif0_ where giftcertif0_.id=?
Hibernate: select tags0_.certificate_id as certific1_2_0_, tags0_.tag_id as tag_id2_2_0_, tag1_.id as id1_7_1_, tag1_.name as name2_7_1_ from certificate_tags tags0_ inner join tags tag1_ on tags0_.tag_id=tag1_.id where tags0_.certificate_id=?
2021-10-26 18:55:58.588  INFO 13264 --- [    Test worker] o.s.t.c.transaction.TransactionContext   : Rolled back transaction for test: [DefaultTestContext@5a021cb9 testClass = GiftCertificateDaoImplTest, testInstance = com.epam.esm.dao.impl.GiftCertificateDaoImplTest@7dcc0296, testMethod = shouldNotThrowExceptionDeleteCertificateCorrectDataTest@GiftCertificateDaoImplTest, testException = [null], mergedContextConfiguration = [MergedContextConfiguration@51768776 testClass = GiftCertificateDaoImplTest, locations = '{}', classes = '{class com.epam.esm.config.DatabaseConfig}', contextInitializerClasses = '[]', activeProfiles = '{}', propertySourceLocations = '{}', propertySourceProperties = '{org.springframework.boot.test.context.SpringBootTestContextBootstrapper=true}', contextCustomizers = set[org.springframework.boot.test.autoconfigure.actuate.metrics.MetricsExportContextCustomizerFactory$DisableMetricExportContextCustomizer@29df4d43, org.springframework.boot.test.autoconfigure.properties.PropertyMappingContextCustomizer@0, org.springframework.boot.test.autoconfigure.web.servlet.WebDriverContextCustomizerFactory$Customizer@163d04ff, org.springframework.boot.test.context.filter.ExcludeFilterContextCustomizer@788fcafb, org.springframework.boot.test.json.DuplicateJsonObjectContextCustomizerFactory$DuplicateJsonObjectContextCustomizer@1698ee84, org.springframework.boot.test.mock.mockito.MockitoContextCustomizer@0, org.springframework.boot.test.web.client.TestRestTemplateContextCustomizer@5af3a0f, org.springframework.boot.test.context.SpringBootTestArgs@1, org.springframework.boot.test.context.SpringBootTestWebEnvironment@15a04efb], contextLoader = 'org.springframework.boot.test.context.SpringBootContextLoader', parent = [null]], attributes = map['org.springframework.test.context.event.ApplicationEventsTestExecutionListener.recordApplicationEvents' -> false]]
2021-10-26 18:55:58.593  INFO 13264 --- [    Test worker] o.s.t.c.transaction.TransactionContext   : Began transaction (1) for test context [DefaultTestContext@5a021cb9 testClass = GiftCertificateDaoImplTest, testInstance = com.epam.esm.dao.impl.GiftCertificateDaoImplTest@5315210d, testMethod = shouldNotThrowExceptionDeleteCertificateCorrectDataTest@GiftCertificateDaoImplTest, testException = [null], mergedContextConfiguration = [MergedContextConfiguration@51768776 testClass = GiftCertificateDaoImplTest, locations = '{}', classes = '{class com.epam.esm.config.DatabaseConfig}', contextInitializerClasses = '[]', activeProfiles = '{}', propertySourceLocations = '{}', propertySourceProperties = '{org.springframework.boot.test.context.SpringBootTestContextBootstrapper=true}', contextCustomizers = set[org.springframework.boot.test.autoconfigure.actuate.metrics.MetricsExportContextCustomizerFactory$DisableMetricExportContextCustomizer@29df4d43, org.springframework.boot.test.autoconfigure.properties.PropertyMappingContextCustomizer@0, org.springframework.boot.test.autoconfigure.web.servlet.WebDriverContextCustomizerFactory$Customizer@163d04ff, org.springframework.boot.test.context.filter.ExcludeFilterContextCustomizer@788fcafb, org.springframework.boot.test.json.DuplicateJsonObjectContextCustomizerFactory$DuplicateJsonObjectContextCustomizer@1698ee84, org.springframework.boot.test.mock.mockito.MockitoContextCustomizer@0, org.springframework.boot.test.web.client.TestRestTemplateContextCustomizer@5af3a0f, org.springframework.boot.test.context.SpringBootTestArgs@1, org.springframework.boot.test.context.SpringBootTestWebEnvironment@15a04efb], contextLoader = 'org.springframework.boot.test.context.SpringBootContextLoader', parent = [null]], attributes = map['org.springframework.test.context.event.ApplicationEventsTestExecutionListener.recordApplicationEvents' -> false]]; transaction manager [org.springframework.orm.jpa.JpaTransactionManager@47fc9ce]; rollback [true]
Hibernate: select giftcertif0_.id as id1_4_0_, giftcertif0_.create_date as create_d2_4_0_, giftcertif0_.description as descript3_4_0_, giftcertif0_.duration as duration4_4_0_, giftcertif0_.last_update_date as last_upd5_4_0_, giftcertif0_.name as name6_4_0_, giftcertif0_.price as price7_4_0_ from certificates giftcertif0_ where giftcertif0_.id=?
Hibernate: select tags0_.certificate_id as certific1_2_0_, tags0_.tag_id as tag_id2_2_0_, tag1_.id as id1_7_1_, tag1_.name as name2_7_1_ from certificate_tags tags0_ inner join tags tag1_ on tags0_.tag_id=tag1_.id where tags0_.certificate_id=?
2021-10-26 18:55:58.604  INFO 13264 --- [    Test worker] o.s.t.c.transaction.TransactionContext   : Rolled back transaction for test: [DefaultTestContext@5a021cb9 testClass = GiftCertificateDaoImplTest, testInstance = com.epam.esm.dao.impl.GiftCertificateDaoImplTest@5315210d, testMethod = shouldNotThrowExceptionDeleteCertificateCorrectDataTest@GiftCertificateDaoImplTest, testException = [null], mergedContextConfiguration = [MergedContextConfiguration@51768776 testClass = GiftCertificateDaoImplTest, locations = '{}', classes = '{class com.epam.esm.config.DatabaseConfig}', contextInitializerClasses = '[]', activeProfiles = '{}', propertySourceLocations = '{}', propertySourceProperties = '{org.springframework.boot.test.context.SpringBootTestContextBootstrapper=true}', contextCustomizers = set[org.springframework.boot.test.autoconfigure.actuate.metrics.MetricsExportContextCustomizerFactory$DisableMetricExportContextCustomizer@29df4d43, org.springframework.boot.test.autoconfigure.properties.PropertyMappingContextCustomizer@0, org.springframework.boot.test.autoconfigure.web.servlet.WebDriverContextCustomizerFactory$Customizer@163d04ff, org.springframework.boot.test.context.filter.ExcludeFilterContextCustomizer@788fcafb, org.springframework.boot.test.json.DuplicateJsonObjectContextCustomizerFactory$DuplicateJsonObjectContextCustomizer@1698ee84, org.springframework.boot.test.mock.mockito.MockitoContextCustomizer@0, org.springframework.boot.test.web.client.TestRestTemplateContextCustomizer@5af3a0f, org.springframework.boot.test.context.SpringBootTestArgs@1, org.springframework.boot.test.context.SpringBootTestWebEnvironment@15a04efb], contextLoader = 'org.springframework.boot.test.context.SpringBootContextLoader', parent = [null]], attributes = map['org.springframework.test.context.event.ApplicationEventsTestExecutionListener.recordApplicationEvents' -> false]]
2021-10-26 18:55:58.612  INFO 13264 --- [    Test worker] o.s.t.c.transaction.TransactionContext   : Began transaction (1) for test context [DefaultTestContext@5a021cb9 testClass = GiftCertificateDaoImplTest, testInstance = com.epam.esm.dao.impl.GiftCertificateDaoImplTest@2e4d252, testMethod = shouldNotThrowExceptionDeleteCertificateCorrectDataTest@GiftCertificateDaoImplTest, testException = [null], mergedContextConfiguration = [MergedContextConfiguration@51768776 testClass = GiftCertificateDaoImplTest, locations = '{}', classes = '{class com.epam.esm.config.DatabaseConfig}', contextInitializerClasses = '[]', activeProfiles = '{}', propertySourceLocations = '{}', propertySourceProperties = '{org.springframework.boot.test.context.SpringBootTestContextBootstrapper=true}', contextCustomizers = set[org.springframework.boot.test.autoconfigure.actuate.metrics.MetricsExportContextCustomizerFactory$DisableMetricExportContextCustomizer@29df4d43, org.springframework.boot.test.autoconfigure.properties.PropertyMappingContextCustomizer@0, org.springframework.boot.test.autoconfigure.web.servlet.WebDriverContextCustomizerFactory$Customizer@163d04ff, org.springframework.boot.test.context.filter.ExcludeFilterContextCustomizer@788fcafb, org.springframework.boot.test.json.DuplicateJsonObjectContextCustomizerFactory$DuplicateJsonObjectContextCustomizer@1698ee84, org.springframework.boot.test.mock.mockito.MockitoContextCustomizer@0, org.springframework.boot.test.web.client.TestRestTemplateContextCustomizer@5af3a0f, org.springframework.boot.test.context.SpringBootTestArgs@1, org.springframework.boot.test.context.SpringBootTestWebEnvironment@15a04efb], contextLoader = 'org.springframework.boot.test.context.SpringBootContextLoader', parent = [null]], attributes = map['org.springframework.test.context.event.ApplicationEventsTestExecutionListener.recordApplicationEvents' -> false]]; transaction manager [org.springframework.orm.jpa.JpaTransactionManager@47fc9ce]; rollback [true]
Hibernate: select giftcertif0_.id as id1_4_0_, giftcertif0_.create_date as create_d2_4_0_, giftcertif0_.description as descript3_4_0_, giftcertif0_.duration as duration4_4_0_, giftcertif0_.last_update_date as last_upd5_4_0_, giftcertif0_.name as name6_4_0_, giftcertif0_.price as price7_4_0_ from certificates giftcertif0_ where giftcertif0_.id=?
Hibernate: select tags0_.certificate_id as certific1_2_0_, tags0_.tag_id as tag_id2_2_0_, tag1_.id as id1_7_1_, tag1_.name as name2_7_1_ from certificate_tags tags0_ inner join tags tag1_ on tags0_.tag_id=tag1_.id where tags0_.certificate_id=?
2021-10-26 18:55:58.625  INFO 13264 --- [    Test worker] o.s.t.c.transaction.TransactionContext   : Rolled back transaction for test: [DefaultTestContext@5a021cb9 testClass = GiftCertificateDaoImplTest, testInstance = com.epam.esm.dao.impl.GiftCertificateDaoImplTest@2e4d252, testMethod = shouldNotThrowExceptionDeleteCertificateCorrectDataTest@GiftCertificateDaoImplTest, testException = [null], mergedContextConfiguration = [MergedContextConfiguration@51768776 testClass = GiftCertificateDaoImplTest, locations = '{}', classes = '{class com.epam.esm.config.DatabaseConfig}', contextInitializerClasses = '[]', activeProfiles = '{}', propertySourceLocations = '{}', propertySourceProperties = '{org.springframework.boot.test.context.SpringBootTestContextBootstrapper=true}', contextCustomizers = set[org.springframework.boot.test.autoconfigure.actuate.metrics.MetricsExportContextCustomizerFactory$DisableMetricExportContextCustomizer@29df4d43, org.springframework.boot.test.autoconfigure.properties.PropertyMappingContextCustomizer@0, org.springframework.boot.test.autoconfigure.web.servlet.WebDriverContextCustomizerFactory$Customizer@163d04ff, org.springframework.boot.test.context.filter.ExcludeFilterContextCustomizer@788fcafb, org.springframework.boot.test.json.DuplicateJsonObjectContextCustomizerFactory$DuplicateJsonObjectContextCustomizer@1698ee84, org.springframework.boot.test.mock.mockito.MockitoContextCustomizer@0, org.springframework.boot.test.web.client.TestRestTemplateContextCustomizer@5af3a0f, org.springframework.boot.test.context.SpringBootTestArgs@1, org.springframework.boot.test.context.SpringBootTestWebEnvironment@15a04efb], contextLoader = 'org.springframework.boot.test.context.SpringBootContextLoader', parent = [null]], attributes = map['org.springframework.test.context.event.ApplicationEventsTestExecutionListener.recordApplicationEvents' -> false]]
2021-10-26 18:55:58.631  INFO 13264 --- [    Test worker] o.s.t.c.transaction.TransactionContext   : Began transaction (1) for test context [DefaultTestContext@5a021cb9 testClass = GiftCertificateDaoImplTest, testInstance = com.epam.esm.dao.impl.GiftCertificateDaoImplTest@156f0281, testMethod = shouldNotThrowExceptionDeleteCertificateCorrectDataTest@GiftCertificateDaoImplTest, testException = [null], mergedContextConfiguration = [MergedContextConfiguration@51768776 testClass = GiftCertificateDaoImplTest, locations = '{}', classes = '{class com.epam.esm.config.DatabaseConfig}', contextInitializerClasses = '[]', activeProfiles = '{}', propertySourceLocations = '{}', propertySourceProperties = '{org.springframework.boot.test.context.SpringBootTestContextBootstrapper=true}', contextCustomizers = set[org.springframework.boot.test.autoconfigure.actuate.metrics.MetricsExportContextCustomizerFactory$DisableMetricExportContextCustomizer@29df4d43, org.springframework.boot.test.autoconfigure.properties.PropertyMappingContextCustomizer@0, org.springframework.boot.test.autoconfigure.web.servlet.WebDriverContextCustomizerFactory$Customizer@163d04ff, org.springframework.boot.test.context.filter.ExcludeFilterContextCustomizer@788fcafb, org.springframework.boot.test.json.DuplicateJsonObjectContextCustomizerFactory$DuplicateJsonObjectContextCustomizer@1698ee84, org.springframework.boot.test.mock.mockito.MockitoContextCustomizer@0, org.springframework.boot.test.web.client.TestRestTemplateContextCustomizer@5af3a0f, org.springframework.boot.test.context.SpringBootTestArgs@1, org.springframework.boot.test.context.SpringBootTestWebEnvironment@15a04efb], contextLoader = 'org.springframework.boot.test.context.SpringBootContextLoader', parent = [null]], attributes = map['org.springframework.test.context.event.ApplicationEventsTestExecutionListener.recordApplicationEvents' -> false]]; transaction manager [org.springframework.orm.jpa.JpaTransactionManager@47fc9ce]; rollback [true]
Hibernate: select giftcertif0_.id as id1_4_0_, giftcertif0_.create_date as create_d2_4_0_, giftcertif0_.description as descript3_4_0_, giftcertif0_.duration as duration4_4_0_, giftcertif0_.last_update_date as last_upd5_4_0_, giftcertif0_.name as name6_4_0_, giftcertif0_.price as price7_4_0_ from certificates giftcertif0_ where giftcertif0_.id=?
Hibernate: select tags0_.certificate_id as certific1_2_0_, tags0_.tag_id as tag_id2_2_0_, tag1_.id as id1_7_1_, tag1_.name as name2_7_1_ from certificate_tags tags0_ inner join tags tag1_ on tags0_.tag_id=tag1_.id where tags0_.certificate_id=?
2021-10-26 18:55:58.646  INFO 13264 --- [    Test worker] o.s.t.c.transaction.TransactionContext   : Rolled back transaction for test: [DefaultTestContext@5a021cb9 testClass = GiftCertificateDaoImplTest, testInstance = com.epam.esm.dao.impl.GiftCertificateDaoImplTest@156f0281, testMethod = shouldNotThrowExceptionDeleteCertificateCorrectDataTest@GiftCertificateDaoImplTest, testException = [null], mergedContextConfiguration = [MergedContextConfiguration@51768776 testClass = GiftCertificateDaoImplTest, locations = '{}', classes = '{class com.epam.esm.config.DatabaseConfig}', contextInitializerClasses = '[]', activeProfiles = '{}', propertySourceLocations = '{}', propertySourceProperties = '{org.springframework.boot.test.context.SpringBootTestContextBootstrapper=true}', contextCustomizers = set[org.springframework.boot.test.autoconfigure.actuate.metrics.MetricsExportContextCustomizerFactory$DisableMetricExportContextCustomizer@29df4d43, org.springframework.boot.test.autoconfigure.properties.PropertyMappingContextCustomizer@0, org.springframework.boot.test.autoconfigure.web.servlet.WebDriverContextCustomizerFactory$Customizer@163d04ff, org.springframework.boot.test.context.filter.ExcludeFilterContextCustomizer@788fcafb, org.springframework.boot.test.json.DuplicateJsonObjectContextCustomizerFactory$DuplicateJsonObjectContextCustomizer@1698ee84, org.springframework.boot.test.mock.mockito.MockitoContextCustomizer@0, org.springframework.boot.test.web.client.TestRestTemplateContextCustomizer@5af3a0f, org.springframework.boot.test.context.SpringBootTestArgs@1, org.springframework.boot.test.context.SpringBootTestWebEnvironment@15a04efb], contextLoader = 'org.springframework.boot.test.context.SpringBootContextLoader', parent = [null]], attributes = map['org.springframework.test.context.event.ApplicationEventsTestExecutionListener.recordApplicationEvents' -> false]]
2021-10-26 18:55:58.651  INFO 13264 --- [    Test worker] o.s.t.c.transaction.TransactionContext   : Began transaction (1) for test context [DefaultTestContext@5a021cb9 testClass = GiftCertificateDaoImplTest, testInstance = com.epam.esm.dao.impl.GiftCertificateDaoImplTest@8a11a19, testMethod = shouldNotThrowExceptionDeleteCertificateCorrectDataTest@GiftCertificateDaoImplTest, testException = [null], mergedContextConfiguration = [MergedContextConfiguration@51768776 testClass = GiftCertificateDaoImplTest, locations = '{}', classes = '{class com.epam.esm.config.DatabaseConfig}', contextInitializerClasses = '[]', activeProfiles = '{}', propertySourceLocations = '{}', propertySourceProperties = '{org.springframework.boot.test.context.SpringBootTestContextBootstrapper=true}', contextCustomizers = set[org.springframework.boot.test.autoconfigure.actuate.metrics.MetricsExportContextCustomizerFactory$DisableMetricExportContextCustomizer@29df4d43, org.springframework.boot.test.autoconfigure.properties.PropertyMappingContextCustomizer@0, org.springframework.boot.test.autoconfigure.web.servlet.WebDriverContextCustomizerFactory$Customizer@163d04ff, org.springframework.boot.test.context.filter.ExcludeFilterContextCustomizer@788fcafb, org.springframework.boot.test.json.DuplicateJsonObjectContextCustomizerFactory$DuplicateJsonObjectContextCustomizer@1698ee84, org.springframework.boot.test.mock.mockito.MockitoContextCustomizer@0, org.springframework.boot.test.web.client.TestRestTemplateContextCustomizer@5af3a0f, org.springframework.boot.test.context.SpringBootTestArgs@1, org.springframework.boot.test.context.SpringBootTestWebEnvironment@15a04efb], contextLoader = 'org.springframework.boot.test.context.SpringBootContextLoader', parent = [null]], attributes = map['org.springframework.test.context.event.ApplicationEventsTestExecutionListener.recordApplicationEvents' -> false]]; transaction manager [org.springframework.orm.jpa.JpaTransactionManager@47fc9ce]; rollback [true]
Hibernate: select giftcertif0_.id as id1_4_0_, giftcertif0_.create_date as create_d2_4_0_, giftcertif0_.description as descript3_4_0_, giftcertif0_.duration as duration4_4_0_, giftcertif0_.last_update_date as last_upd5_4_0_, giftcertif0_.name as name6_4_0_, giftcertif0_.price as price7_4_0_ from certificates giftcertif0_ where giftcertif0_.id=?
Hibernate: select tags0_.certificate_id as certific1_2_0_, tags0_.tag_id as tag_id2_2_0_, tag1_.id as id1_7_1_, tag1_.name as name2_7_1_ from certificate_tags tags0_ inner join tags tag1_ on tags0_.tag_id=tag1_.id where tags0_.certificate_id=?
2021-10-26 18:55:58.665  INFO 13264 --- [    Test worker] o.s.t.c.transaction.TransactionContext   : Rolled back transaction for test: [DefaultTestContext@5a021cb9 testClass = GiftCertificateDaoImplTest, testInstance = com.epam.esm.dao.impl.GiftCertificateDaoImplTest@8a11a19, testMethod = shouldNotThrowExceptionDeleteCertificateCorrectDataTest@GiftCertificateDaoImplTest, testException = [null], mergedContextConfiguration = [MergedContextConfiguration@51768776 testClass = GiftCertificateDaoImplTest, locations = '{}', classes = '{class com.epam.esm.config.DatabaseConfig}', contextInitializerClasses = '[]', activeProfiles = '{}', propertySourceLocations = '{}', propertySourceProperties = '{org.springframework.boot.test.context.SpringBootTestContextBootstrapper=true}', contextCustomizers = set[org.springframework.boot.test.autoconfigure.actuate.metrics.MetricsExportContextCustomizerFactory$DisableMetricExportContextCustomizer@29df4d43, org.springframework.boot.test.autoconfigure.properties.PropertyMappingContextCustomizer@0, org.springframework.boot.test.autoconfigure.web.servlet.WebDriverContextCustomizerFactory$Customizer@163d04ff, org.springframework.boot.test.context.filter.ExcludeFilterContextCustomizer@788fcafb, org.springframework.boot.test.json.DuplicateJsonObjectContextCustomizerFactory$DuplicateJsonObjectContextCustomizer@1698ee84, org.springframework.boot.test.mock.mockito.MockitoContextCustomizer@0, org.springframework.boot.test.web.client.TestRestTemplateContextCustomizer@5af3a0f, org.springframework.boot.test.context.SpringBootTestArgs@1, org.springframework.boot.test.context.SpringBootTestWebEnvironment@15a04efb], contextLoader = 'org.springframework.boot.test.context.SpringBootContextLoader', parent = [null]], attributes = map['org.springframework.test.context.event.ApplicationEventsTestExecutionListener.recordApplicationEvents' -> false]]
2021-10-26 18:55:58.722  INFO 13264 --- [    Test worker] o.s.t.c.transaction.TransactionContext   : Began transaction (1) for test context [DefaultTestContext@5a021cb9 testClass = GiftCertificateDaoImplTest, testInstance = com.epam.esm.dao.impl.GiftCertificateDaoImplTest@75882ac2, testMethod = shouldReturnThisGiftCertificateWhenCreateTest@GiftCertificateDaoImplTest, testException = [null], mergedContextConfiguration = [MergedContextConfiguration@51768776 testClass = GiftCertificateDaoImplTest, locations = '{}', classes = '{class com.epam.esm.config.DatabaseConfig}', contextInitializerClasses = '[]', activeProfiles = '{}', propertySourceLocations = '{}', propertySourceProperties = '{org.springframework.boot.test.context.SpringBootTestContextBootstrapper=true}', contextCustomizers = set[org.springframework.boot.test.autoconfigure.actuate.metrics.MetricsExportContextCustomizerFactory$DisableMetricExportContextCustomizer@29df4d43, org.springframework.boot.test.autoconfigure.properties.PropertyMappingContextCustomizer@0, org.springframework.boot.test.autoconfigure.web.servlet.WebDriverContextCustomizerFactory$Customizer@163d04ff, org.springframework.boot.test.context.filter.ExcludeFilterContextCustomizer@788fcafb, org.springframework.boot.test.json.DuplicateJsonObjectContextCustomizerFactory$DuplicateJsonObjectContextCustomizer@1698ee84, org.springframework.boot.test.mock.mockito.MockitoContextCustomizer@0, org.springframework.boot.test.web.client.TestRestTemplateContextCustomizer@5af3a0f, org.springframework.boot.test.context.SpringBootTestArgs@1, org.springframework.boot.test.context.SpringBootTestWebEnvironment@15a04efb], contextLoader = 'org.springframework.boot.test.context.SpringBootContextLoader', parent = [null]], attributes = map['org.springframework.test.context.event.ApplicationEventsTestExecutionListener.recordApplicationEvents' -> false]]; transaction manager [org.springframework.orm.jpa.JpaTransactionManager@47fc9ce]; rollback [true]
Hibernate: insert into certificates (id, create_date, description, duration, last_update_date, name, price) values (null, ?, ?, ?, ?, ?, ?)
2021-10-26 18:55:58.790  INFO 13264 --- [    Test worker] o.s.t.c.transaction.TransactionContext   : Rolled back transaction for test: [DefaultTestContext@5a021cb9 testClass = GiftCertificateDaoImplTest, testInstance = com.epam.esm.dao.impl.GiftCertificateDaoImplTest@75882ac2, testMethod = shouldReturnThisGiftCertificateWhenCreateTest@GiftCertificateDaoImplTest, testException = [null], mergedContextConfiguration = [MergedContextConfiguration@51768776 testClass = GiftCertificateDaoImplTest, locations = '{}', classes = '{class com.epam.esm.config.DatabaseConfig}', contextInitializerClasses = '[]', activeProfiles = '{}', propertySourceLocations = '{}', propertySourceProperties = '{org.springframework.boot.test.context.SpringBootTestContextBootstrapper=true}', contextCustomizers = set[org.springframework.boot.test.autoconfigure.actuate.metrics.MetricsExportContextCustomizerFactory$DisableMetricExportContextCustomizer@29df4d43, org.springframework.boot.test.autoconfigure.properties.PropertyMappingContextCustomizer@0, org.springframework.boot.test.autoconfigure.web.servlet.WebDriverContextCustomizerFactory$Customizer@163d04ff, org.springframework.boot.test.context.filter.ExcludeFilterContextCustomizer@788fcafb, org.springframework.boot.test.json.DuplicateJsonObjectContextCustomizerFactory$DuplicateJsonObjectContextCustomizer@1698ee84, org.springframework.boot.test.mock.mockito.MockitoContextCustomizer@0, org.springframework.boot.test.web.client.TestRestTemplateContextCustomizer@5af3a0f, org.springframework.boot.test.context.SpringBootTestArgs@1, org.springframework.boot.test.context.SpringBootTestWebEnvironment@15a04efb], contextLoader = 'org.springframework.boot.test.context.SpringBootContextLoader', parent = [null]], attributes = map['org.springframework.test.context.event.ApplicationEventsTestExecutionListener.recordApplicationEvents' -> false]]
2021-10-26 18:55:58.796  INFO 13264 --- [    Test worker] o.s.t.c.transaction.TransactionContext   : Began transaction (1) for test context [DefaultTestContext@5a021cb9 testClass = GiftCertificateDaoImplTest, testInstance = com.epam.esm.dao.impl.GiftCertificateDaoImplTest@67167f8f, testMethod = shouldReturnThisGiftCertificateWhenCreateTest@GiftCertificateDaoImplTest, testException = [null], mergedContextConfiguration = [MergedContextConfiguration@51768776 testClass = GiftCertificateDaoImplTest, locations = '{}', classes = '{class com.epam.esm.config.DatabaseConfig}', contextInitializerClasses = '[]', activeProfiles = '{}', propertySourceLocations = '{}', propertySourceProperties = '{org.springframework.boot.test.context.SpringBootTestContextBootstrapper=true}', contextCustomizers = set[org.springframework.boot.test.autoconfigure.actuate.metrics.MetricsExportContextCustomizerFactory$DisableMetricExportContextCustomizer@29df4d43, org.springframework.boot.test.autoconfigure.properties.PropertyMappingContextCustomizer@0, org.springframework.boot.test.autoconfigure.web.servlet.WebDriverContextCustomizerFactory$Customizer@163d04ff, org.springframework.boot.test.context.filter.ExcludeFilterContextCustomizer@788fcafb, org.springframework.boot.test.json.DuplicateJsonObjectContextCustomizerFactory$DuplicateJsonObjectContextCustomizer@1698ee84, org.springframework.boot.test.mock.mockito.MockitoContextCustomizer@0, org.springframework.boot.test.web.client.TestRestTemplateContextCustomizer@5af3a0f, org.springframework.boot.test.context.SpringBootTestArgs@1, org.springframework.boot.test.context.SpringBootTestWebEnvironment@15a04efb], contextLoader = 'org.springframework.boot.test.context.SpringBootContextLoader', parent = [null]], attributes = map['org.springframework.test.context.event.ApplicationEventsTestExecutionListener.recordApplicationEvents' -> false]]; transaction manager [org.springframework.orm.jpa.JpaTransactionManager@47fc9ce]; rollback [true]
Hibernate: insert into certificates (id, create_date, description, duration, last_update_date, name, price) values (null, ?, ?, ?, ?, ?, ?)
2021-10-26 18:55:58.806  INFO 13264 --- [    Test worker] o.s.t.c.transaction.TransactionContext   : Rolled back transaction for test: [DefaultTestContext@5a021cb9 testClass = GiftCertificateDaoImplTest, testInstance = com.epam.esm.dao.impl.GiftCertificateDaoImplTest@67167f8f, testMethod = shouldReturnThisGiftCertificateWhenCreateTest@GiftCertificateDaoImplTest, testException = [null], mergedContextConfiguration = [MergedContextConfiguration@51768776 testClass = GiftCertificateDaoImplTest, locations = '{}', classes = '{class com.epam.esm.config.DatabaseConfig}', contextInitializerClasses = '[]', activeProfiles = '{}', propertySourceLocations = '{}', propertySourceProperties = '{org.springframework.boot.test.context.SpringBootTestContextBootstrapper=true}', contextCustomizers = set[org.springframework.boot.test.autoconfigure.actuate.metrics.MetricsExportContextCustomizerFactory$DisableMetricExportContextCustomizer@29df4d43, org.springframework.boot.test.autoconfigure.properties.PropertyMappingContextCustomizer@0, org.springframework.boot.test.autoconfigure.web.servlet.WebDriverContextCustomizerFactory$Customizer@163d04ff, org.springframework.boot.test.context.filter.ExcludeFilterContextCustomizer@788fcafb, org.springframework.boot.test.json.DuplicateJsonObjectContextCustomizerFactory$DuplicateJsonObjectContextCustomizer@1698ee84, org.springframework.boot.test.mock.mockito.MockitoContextCustomizer@0, org.springframework.boot.test.web.client.TestRestTemplateContextCustomizer@5af3a0f, org.springframework.boot.test.context.SpringBootTestArgs@1, org.springframework.boot.test.context.SpringBootTestWebEnvironment@15a04efb], contextLoader = 'org.springframework.boot.test.context.SpringBootContextLoader', parent = [null]], attributes = map['org.springframework.test.context.event.ApplicationEventsTestExecutionListener.recordApplicationEvents' -> false]]
2021-10-26 18:55:58.811  INFO 13264 --- [    Test worker] o.s.t.c.transaction.TransactionContext   : Began transaction (1) for test context [DefaultTestContext@5a021cb9 testClass = GiftCertificateDaoImplTest, testInstance = com.epam.esm.dao.impl.GiftCertificateDaoImplTest@44a0e68f, testMethod = shouldReturnThisGiftCertificateWhenCreateTest@GiftCertificateDaoImplTest, testException = [null], mergedContextConfiguration = [MergedContextConfiguration@51768776 testClass = GiftCertificateDaoImplTest, locations = '{}', classes = '{class com.epam.esm.config.DatabaseConfig}', contextInitializerClasses = '[]', activeProfiles = '{}', propertySourceLocations = '{}', propertySourceProperties = '{org.springframework.boot.test.context.SpringBootTestContextBootstrapper=true}', contextCustomizers = set[org.springframework.boot.test.autoconfigure.actuate.metrics.MetricsExportContextCustomizerFactory$DisableMetricExportContextCustomizer@29df4d43, org.springframework.boot.test.autoconfigure.properties.PropertyMappingContextCustomizer@0, org.springframework.boot.test.autoconfigure.web.servlet.WebDriverContextCustomizerFactory$Customizer@163d04ff, org.springframework.boot.test.context.filter.ExcludeFilterContextCustomizer@788fcafb, org.springframework.boot.test.json.DuplicateJsonObjectContextCustomizerFactory$DuplicateJsonObjectContextCustomizer@1698ee84, org.springframework.boot.test.mock.mockito.MockitoContextCustomizer@0, org.springframework.boot.test.web.client.TestRestTemplateContextCustomizer@5af3a0f, org.springframework.boot.test.context.SpringBootTestArgs@1, org.springframework.boot.test.context.SpringBootTestWebEnvironment@15a04efb], contextLoader = 'org.springframework.boot.test.context.SpringBootContextLoader', parent = [null]], attributes = map['org.springframework.test.context.event.ApplicationEventsTestExecutionListener.recordApplicationEvents' -> false]]; transaction manager [org.springframework.orm.jpa.JpaTransactionManager@47fc9ce]; rollback [true]
Hibernate: insert into certificates (id, create_date, description, duration, last_update_date, name, price) values (null, ?, ?, ?, ?, ?, ?)
2021-10-26 18:55:58.820  INFO 13264 --- [    Test worker] o.s.t.c.transaction.TransactionContext   : Rolled back transaction for test: [DefaultTestContext@5a021cb9 testClass = GiftCertificateDaoImplTest, testInstance = com.epam.esm.dao.impl.GiftCertificateDaoImplTest@44a0e68f, testMethod = shouldReturnThisGiftCertificateWhenCreateTest@GiftCertificateDaoImplTest, testException = [null], mergedContextConfiguration = [MergedContextConfiguration@51768776 testClass = GiftCertificateDaoImplTest, locations = '{}', classes = '{class com.epam.esm.config.DatabaseConfig}', contextInitializerClasses = '[]', activeProfiles = '{}', propertySourceLocations = '{}', propertySourceProperties = '{org.springframework.boot.test.context.SpringBootTestContextBootstrapper=true}', contextCustomizers = set[org.springframework.boot.test.autoconfigure.actuate.metrics.MetricsExportContextCustomizerFactory$DisableMetricExportContextCustomizer@29df4d43, org.springframework.boot.test.autoconfigure.properties.PropertyMappingContextCustomizer@0, org.springframework.boot.test.autoconfigure.web.servlet.WebDriverContextCustomizerFactory$Customizer@163d04ff, org.springframework.boot.test.context.filter.ExcludeFilterContextCustomizer@788fcafb, org.springframework.boot.test.json.DuplicateJsonObjectContextCustomizerFactory$DuplicateJsonObjectContextCustomizer@1698ee84, org.springframework.boot.test.mock.mockito.MockitoContextCustomizer@0, org.springframework.boot.test.web.client.TestRestTemplateContextCustomizer@5af3a0f, org.springframework.boot.test.context.SpringBootTestArgs@1, org.springframework.boot.test.context.SpringBootTestWebEnvironment@15a04efb], contextLoader = 'org.springframework.boot.test.context.SpringBootContextLoader', parent = [null]], attributes = map['org.springframework.test.context.event.ApplicationEventsTestExecutionListener.recordApplicationEvents' -> false]]
2021-10-26 18:55:58.828  INFO 13264 --- [    Test worker] o.s.t.c.transaction.TransactionContext   : Began transaction (1) for test context [DefaultTestContext@5a021cb9 testClass = GiftCertificateDaoImplTest, testInstance = com.epam.esm.dao.impl.GiftCertificateDaoImplTest@1ab717f3, testMethod = shouldReturnListAddDeleteCertificateCorrectDataTest@GiftCertificateDaoImplTest, testException = [null], mergedContextConfiguration = [MergedContextConfiguration@51768776 testClass = GiftCertificateDaoImplTest, locations = '{}', classes = '{class com.epam.esm.config.DatabaseConfig}', contextInitializerClasses = '[]', activeProfiles = '{}', propertySourceLocations = '{}', propertySourceProperties = '{org.springframework.boot.test.context.SpringBootTestContextBootstrapper=true}', contextCustomizers = set[org.springframework.boot.test.autoconfigure.actuate.metrics.MetricsExportContextCustomizerFactory$DisableMetricExportContextCustomizer@29df4d43, org.springframework.boot.test.autoconfigure.properties.PropertyMappingContextCustomizer@0, org.springframework.boot.test.autoconfigure.web.servlet.WebDriverContextCustomizerFactory$Customizer@163d04ff, org.springframework.boot.test.context.filter.ExcludeFilterContextCustomizer@788fcafb, org.springframework.boot.test.json.DuplicateJsonObjectContextCustomizerFactory$DuplicateJsonObjectContextCustomizer@1698ee84, org.springframework.boot.test.mock.mockito.MockitoContextCustomizer@0, org.springframework.boot.test.web.client.TestRestTemplateContextCustomizer@5af3a0f, org.springframework.boot.test.context.SpringBootTestArgs@1, org.springframework.boot.test.context.SpringBootTestWebEnvironment@15a04efb], contextLoader = 'org.springframework.boot.test.context.SpringBootContextLoader', parent = [null]], attributes = map['org.springframework.test.context.event.ApplicationEventsTestExecutionListener.recordApplicationEvents' -> false]]; transaction manager [org.springframework.orm.jpa.JpaTransactionManager@47fc9ce]; rollback [true]
Hibernate: select giftcertif0_.id as id1_4_0_, giftcertif0_.create_date as create_d2_4_0_, giftcertif0_.description as descript3_4_0_, giftcertif0_.duration as duration4_4_0_, giftcertif0_.last_update_date as last_upd5_4_0_, giftcertif0_.name as name6_4_0_, giftcertif0_.price as price7_4_0_ from certificates giftcertif0_ where giftcertif0_.id=?
Hibernate: select tags0_.certificate_id as certific1_2_0_, tags0_.tag_id as tag_id2_2_0_, tag1_.id as id1_7_1_, tag1_.name as name2_7_1_ from certificate_tags tags0_ inner join tags tag1_ on tags0_.tag_id=tag1_.id where tags0_.certificate_id=?
Hibernate: select giftcertif0_.id as id1_4_0_, giftcertif0_.create_date as create_d2_4_0_, giftcertif0_.description as descript3_4_0_, giftcertif0_.duration as duration4_4_0_, giftcertif0_.last_update_date as last_upd5_4_0_, giftcertif0_.name as name6_4_0_, giftcertif0_.price as price7_4_0_ from certificates giftcertif0_ where giftcertif0_.id=?
Hibernate: select tags0_.certificate_id as certific1_2_0_, tags0_.tag_id as tag_id2_2_0_, tag1_.id as id1_7_1_, tag1_.name as name2_7_1_ from certificate_tags tags0_ inner join tags tag1_ on tags0_.tag_id=tag1_.id where tags0_.certificate_id=?
Hibernate: select giftcertif0_.id as id1_4_0_, giftcertif0_.create_date as create_d2_4_0_, giftcertif0_.description as descript3_4_0_, giftcertif0_.duration as duration4_4_0_, giftcertif0_.last_update_date as last_upd5_4_0_, giftcertif0_.name as name6_4_0_, giftcertif0_.price as price7_4_0_ from certificates giftcertif0_ where giftcertif0_.id=?
Hibernate: select tags0_.certificate_id as certific1_2_0_, tags0_.tag_id as tag_id2_2_0_, tag1_.id as id1_7_1_, tag1_.name as name2_7_1_ from certificate_tags tags0_ inner join tags tag1_ on tags0_.tag_id=tag1_.id where tags0_.certificate_id=?
Hibernate: select giftcertif0_.id as id1_4_0_, giftcertif0_.create_date as create_d2_4_0_, giftcertif0_.description as descript3_4_0_, giftcertif0_.duration as duration4_4_0_, giftcertif0_.last_update_date as last_upd5_4_0_, giftcertif0_.name as name6_4_0_, giftcertif0_.price as price7_4_0_ from certificates giftcertif0_ where giftcertif0_.id=?
Hibernate: select tags0_.certificate_id as certific1_2_0_, tags0_.tag_id as tag_id2_2_0_, tag1_.id as id1_7_1_, tag1_.name as name2_7_1_ from certificate_tags tags0_ inner join tags tag1_ on tags0_.tag_id=tag1_.id where tags0_.certificate_id=?
Hibernate: delete from certificate_tags where certificate_id=?
Hibernate: delete from certificate_tags where certificate_id=?
Hibernate: delete from tags where id=?
Hibernate: delete from tags where id=?
Hibernate: delete from certificates where id=?
Hibernate: delete from tags where id=?
Hibernate: delete from certificates where id=?
Hibernate: delete from certificates where id=?
Hibernate: delete from certificates where id=?
Hibernate: select giftcertif0_.id as id1_4_, giftcertif0_.create_date as create_d2_4_, giftcertif0_.description as descript3_4_, giftcertif0_.duration as duration4_4_, giftcertif0_.last_update_date as last_upd5_4_, giftcertif0_.name as name6_4_, giftcertif0_.price as price7_4_ from certificates giftcertif0_ limit ?
2021-10-26 18:55:59.095  INFO 13264 --- [    Test worker] o.s.t.c.transaction.TransactionContext   : Rolled back transaction for test: [DefaultTestContext@5a021cb9 testClass = GiftCertificateDaoImplTest, testInstance = com.epam.esm.dao.impl.GiftCertificateDaoImplTest@1ab717f3, testMethod = shouldReturnListAddDeleteCertificateCorrectDataTest@GiftCertificateDaoImplTest, testException = [null], mergedContextConfiguration = [MergedContextConfiguration@51768776 testClass = GiftCertificateDaoImplTest, locations = '{}', classes = '{class com.epam.esm.config.DatabaseConfig}', contextInitializerClasses = '[]', activeProfiles = '{}', propertySourceLocations = '{}', propertySourceProperties = '{org.springframework.boot.test.context.SpringBootTestContextBootstrapper=true}', contextCustomizers = set[org.springframework.boot.test.autoconfigure.actuate.metrics.MetricsExportContextCustomizerFactory$DisableMetricExportContextCustomizer@29df4d43, org.springframework.boot.test.autoconfigure.properties.PropertyMappingContextCustomizer@0, org.springframework.boot.test.autoconfigure.web.servlet.WebDriverContextCustomizerFactory$Customizer@163d04ff, org.springframework.boot.test.context.filter.ExcludeFilterContextCustomizer@788fcafb, org.springframework.boot.test.json.DuplicateJsonObjectContextCustomizerFactory$DuplicateJsonObjectContextCustomizer@1698ee84, org.springframework.boot.test.mock.mockito.MockitoContextCustomizer@0, org.springframework.boot.test.web.client.TestRestTemplateContextCustomizer@5af3a0f, org.springframework.boot.test.context.SpringBootTestArgs@1, org.springframework.boot.test.context.SpringBootTestWebEnvironment@15a04efb], contextLoader = 'org.springframework.boot.test.context.SpringBootContextLoader', parent = [null]], attributes = map['org.springframework.test.context.event.ApplicationEventsTestExecutionListener.recordApplicationEvents' -> false]]
2021-10-26 18:55:59.100  INFO 13264 --- [    Test worker] o.s.t.c.transaction.TransactionContext   : Began transaction (1) for test context [DefaultTestContext@5a021cb9 testClass = GiftCertificateDaoImplTest, testInstance = com.epam.esm.dao.impl.GiftCertificateDaoImplTest@7b55f0a6, testMethod = shouldReturnListAddDeleteCertificateCorrectDataTest@GiftCertificateDaoImplTest, testException = [null], mergedContextConfiguration = [MergedContextConfiguration@51768776 testClass = GiftCertificateDaoImplTest, locations = '{}', classes = '{class com.epam.esm.config.DatabaseConfig}', contextInitializerClasses = '[]', activeProfiles = '{}', propertySourceLocations = '{}', propertySourceProperties = '{org.springframework.boot.test.context.SpringBootTestContextBootstrapper=true}', contextCustomizers = set[org.springframework.boot.test.autoconfigure.actuate.metrics.MetricsExportContextCustomizerFactory$DisableMetricExportContextCustomizer@29df4d43, org.springframework.boot.test.autoconfigure.properties.PropertyMappingContextCustomizer@0, org.springframework.boot.test.autoconfigure.web.servlet.WebDriverContextCustomizerFactory$Customizer@163d04ff, org.springframework.boot.test.context.filter.ExcludeFilterContextCustomizer@788fcafb, org.springframework.boot.test.json.DuplicateJsonObjectContextCustomizerFactory$DuplicateJsonObjectContextCustomizer@1698ee84, org.springframework.boot.test.mock.mockito.MockitoContextCustomizer@0, org.springframework.boot.test.web.client.TestRestTemplateContextCustomizer@5af3a0f, org.springframework.boot.test.context.SpringBootTestArgs@1, org.springframework.boot.test.context.SpringBootTestWebEnvironment@15a04efb], contextLoader = 'org.springframework.boot.test.context.SpringBootContextLoader', parent = [null]], attributes = map['org.springframework.test.context.event.ApplicationEventsTestExecutionListener.recordApplicationEvents' -> false]]; transaction manager [org.springframework.orm.jpa.JpaTransactionManager@47fc9ce]; rollback [true]
Hibernate: select giftcertif0_.id as id1_4_0_, giftcertif0_.create_date as create_d2_4_0_, giftcertif0_.description as descript3_4_0_, giftcertif0_.duration as duration4_4_0_, giftcertif0_.last_update_date as last_upd5_4_0_, giftcertif0_.name as name6_4_0_, giftcertif0_.price as price7_4_0_ from certificates giftcertif0_ where giftcertif0_.id=?
Hibernate: select tags0_.certificate_id as certific1_2_0_, tags0_.tag_id as tag_id2_2_0_, tag1_.id as id1_7_1_, tag1_.name as name2_7_1_ from certificate_tags tags0_ inner join tags tag1_ on tags0_.tag_id=tag1_.id where tags0_.certificate_id=?
Hibernate: select giftcertif0_.id as id1_4_0_, giftcertif0_.create_date as create_d2_4_0_, giftcertif0_.description as descript3_4_0_, giftcertif0_.duration as duration4_4_0_, giftcertif0_.last_update_date as last_upd5_4_0_, giftcertif0_.name as name6_4_0_, giftcertif0_.price as price7_4_0_ from certificates giftcertif0_ where giftcertif0_.id=?
Hibernate: select tags0_.certificate_id as certific1_2_0_, tags0_.tag_id as tag_id2_2_0_, tag1_.id as id1_7_1_, tag1_.name as name2_7_1_ from certificate_tags tags0_ inner join tags tag1_ on tags0_.tag_id=tag1_.id where tags0_.certificate_id=?
Hibernate: select giftcertif0_.id as id1_4_0_, giftcertif0_.create_date as create_d2_4_0_, giftcertif0_.description as descript3_4_0_, giftcertif0_.duration as duration4_4_0_, giftcertif0_.last_update_date as last_upd5_4_0_, giftcertif0_.name as name6_4_0_, giftcertif0_.price as price7_4_0_ from certificates giftcertif0_ where giftcertif0_.id=?
Hibernate: select tags0_.certificate_id as certific1_2_0_, tags0_.tag_id as tag_id2_2_0_, tag1_.id as id1_7_1_, tag1_.name as name2_7_1_ from certificate_tags tags0_ inner join tags tag1_ on tags0_.tag_id=tag1_.id where tags0_.certificate_id=?
Hibernate: select giftcertif0_.id as id1_4_0_, giftcertif0_.create_date as create_d2_4_0_, giftcertif0_.description as descript3_4_0_, giftcertif0_.duration as duration4_4_0_, giftcertif0_.last_update_date as last_upd5_4_0_, giftcertif0_.name as name6_4_0_, giftcertif0_.price as price7_4_0_ from certificates giftcertif0_ where giftcertif0_.id=?
Hibernate: select tags0_.certificate_id as certific1_2_0_, tags0_.tag_id as tag_id2_2_0_, tag1_.id as id1_7_1_, tag1_.name as name2_7_1_ from certificate_tags tags0_ inner join tags tag1_ on tags0_.tag_id=tag1_.id where tags0_.certificate_id=?
Hibernate: delete from certificate_tags where certificate_id=?
Hibernate: delete from certificate_tags where certificate_id=?
Hibernate: delete from tags where id=?
Hibernate: delete from tags where id=?
Hibernate: delete from certificates where id=?
Hibernate: delete from tags where id=?
Hibernate: delete from certificates where id=?
Hibernate: delete from certificates where id=?
Hibernate: delete from certificates where id=?
Hibernate: select giftcertif0_.id as id1_4_, giftcertif0_.create_date as create_d2_4_, giftcertif0_.description as descript3_4_, giftcertif0_.duration as duration4_4_, giftcertif0_.last_update_date as last_upd5_4_, giftcertif0_.name as name6_4_, giftcertif0_.price as price7_4_ from certificates giftcertif0_ limit ?
2021-10-26 18:55:59.132  INFO 13264 --- [    Test worker] o.s.t.c.transaction.TransactionContext   : Rolled back transaction for test: [DefaultTestContext@5a021cb9 testClass = GiftCertificateDaoImplTest, testInstance = com.epam.esm.dao.impl.GiftCertificateDaoImplTest@7b55f0a6, testMethod = shouldReturnListAddDeleteCertificateCorrectDataTest@GiftCertificateDaoImplTest, testException = [null], mergedContextConfiguration = [MergedContextConfiguration@51768776 testClass = GiftCertificateDaoImplTest, locations = '{}', classes = '{class com.epam.esm.config.DatabaseConfig}', contextInitializerClasses = '[]', activeProfiles = '{}', propertySourceLocations = '{}', propertySourceProperties = '{org.springframework.boot.test.context.SpringBootTestContextBootstrapper=true}', contextCustomizers = set[org.springframework.boot.test.autoconfigure.actuate.metrics.MetricsExportContextCustomizerFactory$DisableMetricExportContextCustomizer@29df4d43, org.springframework.boot.test.autoconfigure.properties.PropertyMappingContextCustomizer@0, org.springframework.boot.test.autoconfigure.web.servlet.WebDriverContextCustomizerFactory$Customizer@163d04ff, org.springframework.boot.test.context.filter.ExcludeFilterContextCustomizer@788fcafb, org.springframework.boot.test.json.DuplicateJsonObjectContextCustomizerFactory$DuplicateJsonObjectContextCustomizer@1698ee84, org.springframework.boot.test.mock.mockito.MockitoContextCustomizer@0, org.springframework.boot.test.web.client.TestRestTemplateContextCustomizer@5af3a0f, org.springframework.boot.test.context.SpringBootTestArgs@1, org.springframework.boot.test.context.SpringBootTestWebEnvironment@15a04efb], contextLoader = 'org.springframework.boot.test.context.SpringBootContextLoader', parent = [null]], attributes = map['org.springframework.test.context.event.ApplicationEventsTestExecutionListener.recordApplicationEvents' -> false]]
2021-10-26 18:55:59.138  INFO 13264 --- [    Test worker] o.s.t.c.transaction.TransactionContext   : Began transaction (1) for test context [DefaultTestContext@5a021cb9 testClass = GiftCertificateDaoImplTest, testInstance = com.epam.esm.dao.impl.GiftCertificateDaoImplTest@69e736bf, testMethod = shouldReturnListAddDeleteCertificateCorrectDataTest@GiftCertificateDaoImplTest, testException = [null], mergedContextConfiguration = [MergedContextConfiguration@51768776 testClass = GiftCertificateDaoImplTest, locations = '{}', classes = '{class com.epam.esm.config.DatabaseConfig}', contextInitializerClasses = '[]', activeProfiles = '{}', propertySourceLocations = '{}', propertySourceProperties = '{org.springframework.boot.test.context.SpringBootTestContextBootstrapper=true}', contextCustomizers = set[org.springframework.boot.test.autoconfigure.actuate.metrics.MetricsExportContextCustomizerFactory$DisableMetricExportContextCustomizer@29df4d43, org.springframework.boot.test.autoconfigure.properties.PropertyMappingContextCustomizer@0, org.springframework.boot.test.autoconfigure.web.servlet.WebDriverContextCustomizerFactory$Customizer@163d04ff, org.springframework.boot.test.context.filter.ExcludeFilterContextCustomizer@788fcafb, org.springframework.boot.test.json.DuplicateJsonObjectContextCustomizerFactory$DuplicateJsonObjectContextCustomizer@1698ee84, org.springframework.boot.test.mock.mockito.MockitoContextCustomizer@0, org.springframework.boot.test.web.client.TestRestTemplateContextCustomizer@5af3a0f, org.springframework.boot.test.context.SpringBootTestArgs@1, org.springframework.boot.test.context.SpringBootTestWebEnvironment@15a04efb], contextLoader = 'org.springframework.boot.test.context.SpringBootContextLoader', parent = [null]], attributes = map['org.springframework.test.context.event.ApplicationEventsTestExecutionListener.recordApplicationEvents' -> false]]; transaction manager [org.springframework.orm.jpa.JpaTransactionManager@47fc9ce]; rollback [true]
Hibernate: select giftcertif0_.id as id1_4_0_, giftcertif0_.create_date as create_d2_4_0_, giftcertif0_.description as descript3_4_0_, giftcertif0_.duration as duration4_4_0_, giftcertif0_.last_update_date as last_upd5_4_0_, giftcertif0_.name as name6_4_0_, giftcertif0_.price as price7_4_0_ from certificates giftcertif0_ where giftcertif0_.id=?
Hibernate: select tags0_.certificate_id as certific1_2_0_, tags0_.tag_id as tag_id2_2_0_, tag1_.id as id1_7_1_, tag1_.name as name2_7_1_ from certificate_tags tags0_ inner join tags tag1_ on tags0_.tag_id=tag1_.id where tags0_.certificate_id=?
Hibernate: select giftcertif0_.id as id1_4_0_, giftcertif0_.create_date as create_d2_4_0_, giftcertif0_.description as descript3_4_0_, giftcertif0_.duration as duration4_4_0_, giftcertif0_.last_update_date as last_upd5_4_0_, giftcertif0_.name as name6_4_0_, giftcertif0_.price as price7_4_0_ from certificates giftcertif0_ where giftcertif0_.id=?
Hibernate: select tags0_.certificate_id as certific1_2_0_, tags0_.tag_id as tag_id2_2_0_, tag1_.id as id1_7_1_, tag1_.name as name2_7_1_ from certificate_tags tags0_ inner join tags tag1_ on tags0_.tag_id=tag1_.id where tags0_.certificate_id=?
Hibernate: select giftcertif0_.id as id1_4_0_, giftcertif0_.create_date as create_d2_4_0_, giftcertif0_.description as descript3_4_0_, giftcertif0_.duration as duration4_4_0_, giftcertif0_.last_update_date as last_upd5_4_0_, giftcertif0_.name as name6_4_0_, giftcertif0_.price as price7_4_0_ from certificates giftcertif0_ where giftcertif0_.id=?
Hibernate: select tags0_.certificate_id as certific1_2_0_, tags0_.tag_id as tag_id2_2_0_, tag1_.id as id1_7_1_, tag1_.name as name2_7_1_ from certificate_tags tags0_ inner join tags tag1_ on tags0_.tag_id=tag1_.id where tags0_.certificate_id=?
Hibernate: select giftcertif0_.id as id1_4_0_, giftcertif0_.create_date as create_d2_4_0_, giftcertif0_.description as descript3_4_0_, giftcertif0_.duration as duration4_4_0_, giftcertif0_.last_update_date as last_upd5_4_0_, giftcertif0_.name as name6_4_0_, giftcertif0_.price as price7_4_0_ from certificates giftcertif0_ where giftcertif0_.id=?
Hibernate: select tags0_.certificate_id as certific1_2_0_, tags0_.tag_id as tag_id2_2_0_, tag1_.id as id1_7_1_, tag1_.name as name2_7_1_ from certificate_tags tags0_ inner join tags tag1_ on tags0_.tag_id=tag1_.id where tags0_.certificate_id=?
Hibernate: delete from certificate_tags where certificate_id=?
Hibernate: delete from certificate_tags where certificate_id=?
Hibernate: delete from tags where id=?
Hibernate: delete from tags where id=?
Hibernate: delete from certificates where id=?
Hibernate: delete from tags where id=?
Hibernate: delete from certificates where id=?
Hibernate: delete from certificates where id=?
Hibernate: delete from certificates where id=?
Hibernate: select giftcertif0_.id as id1_4_, giftcertif0_.create_date as create_d2_4_, giftcertif0_.description as descript3_4_, giftcertif0_.duration as duration4_4_, giftcertif0_.last_update_date as last_upd5_4_, giftcertif0_.name as name6_4_, giftcertif0_.price as price7_4_ from certificates giftcertif0_ limit ?
2021-10-26 18:55:59.165  INFO 13264 --- [    Test worker] o.s.t.c.transaction.TransactionContext   : Rolled back transaction for test: [DefaultTestContext@5a021cb9 testClass = GiftCertificateDaoImplTest, testInstance = com.epam.esm.dao.impl.GiftCertificateDaoImplTest@69e736bf, testMethod = shouldReturnListAddDeleteCertificateCorrectDataTest@GiftCertificateDaoImplTest, testException = [null], mergedContextConfiguration = [MergedContextConfiguration@51768776 testClass = GiftCertificateDaoImplTest, locations = '{}', classes = '{class com.epam.esm.config.DatabaseConfig}', contextInitializerClasses = '[]', activeProfiles = '{}', propertySourceLocations = '{}', propertySourceProperties = '{org.springframework.boot.test.context.SpringBootTestContextBootstrapper=true}', contextCustomizers = set[org.springframework.boot.test.autoconfigure.actuate.metrics.MetricsExportContextCustomizerFactory$DisableMetricExportContextCustomizer@29df4d43, org.springframework.boot.test.autoconfigure.properties.PropertyMappingContextCustomizer@0, org.springframework.boot.test.autoconfigure.web.servlet.WebDriverContextCustomizerFactory$Customizer@163d04ff, org.springframework.boot.test.context.filter.ExcludeFilterContextCustomizer@788fcafb, org.springframework.boot.test.json.DuplicateJsonObjectContextCustomizerFactory$DuplicateJsonObjectContextCustomizer@1698ee84, org.springframework.boot.test.mock.mockito.MockitoContextCustomizer@0, org.springframework.boot.test.web.client.TestRestTemplateContextCustomizer@5af3a0f, org.springframework.boot.test.context.SpringBootTestArgs@1, org.springframework.boot.test.context.SpringBootTestWebEnvironment@15a04efb], contextLoader = 'org.springframework.boot.test.context.SpringBootContextLoader', parent = [null]], attributes = map['org.springframework.test.context.event.ApplicationEventsTestExecutionListener.recordApplicationEvents' -> false]]
2021-10-26 18:55:59.172  INFO 13264 --- [    Test worker] o.s.t.c.transaction.TransactionContext   : Began transaction (1) for test context [DefaultTestContext@5a021cb9 testClass = GiftCertificateDaoImplTest, testInstance = com.epam.esm.dao.impl.GiftCertificateDaoImplTest@3ec52163, testMethod = shouldReturnEmptyOptionalWhenFindByIdTest@GiftCertificateDaoImplTest, testException = [null], mergedContextConfiguration = [MergedContextConfiguration@51768776 testClass = GiftCertificateDaoImplTest, locations = '{}', classes = '{class com.epam.esm.config.DatabaseConfig}', contextInitializerClasses = '[]', activeProfiles = '{}', propertySourceLocations = '{}', propertySourceProperties = '{org.springframework.boot.test.context.SpringBootTestContextBootstrapper=true}', contextCustomizers = set[org.springframework.boot.test.autoconfigure.actuate.metrics.MetricsExportContextCustomizerFactory$DisableMetricExportContextCustomizer@29df4d43, org.springframework.boot.test.autoconfigure.properties.PropertyMappingContextCustomizer@0, org.springframework.boot.test.autoconfigure.web.servlet.WebDriverContextCustomizerFactory$Customizer@163d04ff, org.springframework.boot.test.context.filter.ExcludeFilterContextCustomizer@788fcafb, org.springframework.boot.test.json.DuplicateJsonObjectContextCustomizerFactory$DuplicateJsonObjectContextCustomizer@1698ee84, org.springframework.boot.test.mock.mockito.MockitoContextCustomizer@0, org.springframework.boot.test.web.client.TestRestTemplateContextCustomizer@5af3a0f, org.springframework.boot.test.context.SpringBootTestArgs@1, org.springframework.boot.test.context.SpringBootTestWebEnvironment@15a04efb], contextLoader = 'org.springframework.boot.test.context.SpringBootContextLoader', parent = [null]], attributes = map['org.springframework.test.context.event.ApplicationEventsTestExecutionListener.recordApplicationEvents' -> false]]; transaction manager [org.springframework.orm.jpa.JpaTransactionManager@47fc9ce]; rollback [true]
Hibernate: select giftcertif0_.id as id1_4_0_, giftcertif0_.create_date as create_d2_4_0_, giftcertif0_.description as descript3_4_0_, giftcertif0_.duration as duration4_4_0_, giftcertif0_.last_update_date as last_upd5_4_0_, giftcertif0_.name as name6_4_0_, giftcertif0_.price as price7_4_0_ from certificates giftcertif0_ where giftcertif0_.id=?
2021-10-26 18:55:59.180  INFO 13264 --- [    Test worker] o.s.t.c.transaction.TransactionContext   : Rolled back transaction for test: [DefaultTestContext@5a021cb9 testClass = GiftCertificateDaoImplTest, testInstance = com.epam.esm.dao.impl.GiftCertificateDaoImplTest@3ec52163, testMethod = shouldReturnEmptyOptionalWhenFindByIdTest@GiftCertificateDaoImplTest, testException = [null], mergedContextConfiguration = [MergedContextConfiguration@51768776 testClass = GiftCertificateDaoImplTest, locations = '{}', classes = '{class com.epam.esm.config.DatabaseConfig}', contextInitializerClasses = '[]', activeProfiles = '{}', propertySourceLocations = '{}', propertySourceProperties = '{org.springframework.boot.test.context.SpringBootTestContextBootstrapper=true}', contextCustomizers = set[org.springframework.boot.test.autoconfigure.actuate.metrics.MetricsExportContextCustomizerFactory$DisableMetricExportContextCustomizer@29df4d43, org.springframework.boot.test.autoconfigure.properties.PropertyMappingContextCustomizer@0, org.springframework.boot.test.autoconfigure.web.servlet.WebDriverContextCustomizerFactory$Customizer@163d04ff, org.springframework.boot.test.context.filter.ExcludeFilterContextCustomizer@788fcafb, org.springframework.boot.test.json.DuplicateJsonObjectContextCustomizerFactory$DuplicateJsonObjectContextCustomizer@1698ee84, org.springframework.boot.test.mock.mockito.MockitoContextCustomizer@0, org.springframework.boot.test.web.client.TestRestTemplateContextCustomizer@5af3a0f, org.springframework.boot.test.context.SpringBootTestArgs@1, org.springframework.boot.test.context.SpringBootTestWebEnvironment@15a04efb], contextLoader = 'org.springframework.boot.test.context.SpringBootContextLoader', parent = [null]], attributes = map['org.springframework.test.context.event.ApplicationEventsTestExecutionListener.recordApplicationEvents' -> false]]
2021-10-26 18:55:59.185  INFO 13264 --- [    Test worker] o.s.t.c.transaction.TransactionContext   : Began transaction (1) for test context [DefaultTestContext@5a021cb9 testClass = GiftCertificateDaoImplTest, testInstance = com.epam.esm.dao.impl.GiftCertificateDaoImplTest@4131261, testMethod = shouldReturnEmptyOptionalWhenFindByIdTest@GiftCertificateDaoImplTest, testException = [null], mergedContextConfiguration = [MergedContextConfiguration@51768776 testClass = GiftCertificateDaoImplTest, locations = '{}', classes = '{class com.epam.esm.config.DatabaseConfig}', contextInitializerClasses = '[]', activeProfiles = '{}', propertySourceLocations = '{}', propertySourceProperties = '{org.springframework.boot.test.context.SpringBootTestContextBootstrapper=true}', contextCustomizers = set[org.springframework.boot.test.autoconfigure.actuate.metrics.MetricsExportContextCustomizerFactory$DisableMetricExportContextCustomizer@29df4d43, org.springframework.boot.test.autoconfigure.properties.PropertyMappingContextCustomizer@0, org.springframework.boot.test.autoconfigure.web.servlet.WebDriverContextCustomizerFactory$Customizer@163d04ff, org.springframework.boot.test.context.filter.ExcludeFilterContextCustomizer@788fcafb, org.springframework.boot.test.json.DuplicateJsonObjectContextCustomizerFactory$DuplicateJsonObjectContextCustomizer@1698ee84, org.springframework.boot.test.mock.mockito.MockitoContextCustomizer@0, org.springframework.boot.test.web.client.TestRestTemplateContextCustomizer@5af3a0f, org.springframework.boot.test.context.SpringBootTestArgs@1, org.springframework.boot.test.context.SpringBootTestWebEnvironment@15a04efb], contextLoader = 'org.springframework.boot.test.context.SpringBootContextLoader', parent = [null]], attributes = map['org.springframework.test.context.event.ApplicationEventsTestExecutionListener.recordApplicationEvents' -> false]]; transaction manager [org.springframework.orm.jpa.JpaTransactionManager@47fc9ce]; rollback [true]
Hibernate: select giftcertif0_.id as id1_4_0_, giftcertif0_.create_date as create_d2_4_0_, giftcertif0_.description as descript3_4_0_, giftcertif0_.duration as duration4_4_0_, giftcertif0_.last_update_date as last_upd5_4_0_, giftcertif0_.name as name6_4_0_, giftcertif0_.price as price7_4_0_ from certificates giftcertif0_ where giftcertif0_.id=?
2021-10-26 18:55:59.192  INFO 13264 --- [    Test worker] o.s.t.c.transaction.TransactionContext   : Rolled back transaction for test: [DefaultTestContext@5a021cb9 testClass = GiftCertificateDaoImplTest, testInstance = com.epam.esm.dao.impl.GiftCertificateDaoImplTest@4131261, testMethod = shouldReturnEmptyOptionalWhenFindByIdTest@GiftCertificateDaoImplTest, testException = [null], mergedContextConfiguration = [MergedContextConfiguration@51768776 testClass = GiftCertificateDaoImplTest, locations = '{}', classes = '{class com.epam.esm.config.DatabaseConfig}', contextInitializerClasses = '[]', activeProfiles = '{}', propertySourceLocations = '{}', propertySourceProperties = '{org.springframework.boot.test.context.SpringBootTestContextBootstrapper=true}', contextCustomizers = set[org.springframework.boot.test.autoconfigure.actuate.metrics.MetricsExportContextCustomizerFactory$DisableMetricExportContextCustomizer@29df4d43, org.springframework.boot.test.autoconfigure.properties.PropertyMappingContextCustomizer@0, org.springframework.boot.test.autoconfigure.web.servlet.WebDriverContextCustomizerFactory$Customizer@163d04ff, org.springframework.boot.test.context.filter.ExcludeFilterContextCustomizer@788fcafb, org.springframework.boot.test.json.DuplicateJsonObjectContextCustomizerFactory$DuplicateJsonObjectContextCustomizer@1698ee84, org.springframework.boot.test.mock.mockito.MockitoContextCustomizer@0, org.springframework.boot.test.web.client.TestRestTemplateContextCustomizer@5af3a0f, org.springframework.boot.test.context.SpringBootTestArgs@1, org.springframework.boot.test.context.SpringBootTestWebEnvironment@15a04efb], contextLoader = 'org.springframework.boot.test.context.SpringBootContextLoader', parent = [null]], attributes = map['org.springframework.test.context.event.ApplicationEventsTestExecutionListener.recordApplicationEvents' -> false]]
2021-10-26 18:55:59.199  INFO 13264 --- [    Test worker] o.s.t.c.transaction.TransactionContext   : Began transaction (1) for test context [DefaultTestContext@5a021cb9 testClass = GiftCertificateDaoImplTest, testInstance = com.epam.esm.dao.impl.GiftCertificateDaoImplTest@3f04fb07, testMethod = shouldReturnEmptyOptionalWhenFindByIdTest@GiftCertificateDaoImplTest, testException = [null], mergedContextConfiguration = [MergedContextConfiguration@51768776 testClass = GiftCertificateDaoImplTest, locations = '{}', classes = '{class com.epam.esm.config.DatabaseConfig}', contextInitializerClasses = '[]', activeProfiles = '{}', propertySourceLocations = '{}', propertySourceProperties = '{org.springframework.boot.test.context.SpringBootTestContextBootstrapper=true}', contextCustomizers = set[org.springframework.boot.test.autoconfigure.actuate.metrics.MetricsExportContextCustomizerFactory$DisableMetricExportContextCustomizer@29df4d43, org.springframework.boot.test.autoconfigure.properties.PropertyMappingContextCustomizer@0, org.springframework.boot.test.autoconfigure.web.servlet.WebDriverContextCustomizerFactory$Customizer@163d04ff, org.springframework.boot.test.context.filter.ExcludeFilterContextCustomizer@788fcafb, org.springframework.boot.test.json.DuplicateJsonObjectContextCustomizerFactory$DuplicateJsonObjectContextCustomizer@1698ee84, org.springframework.boot.test.mock.mockito.MockitoContextCustomizer@0, org.springframework.boot.test.web.client.TestRestTemplateContextCustomizer@5af3a0f, org.springframework.boot.test.context.SpringBootTestArgs@1, org.springframework.boot.test.context.SpringBootTestWebEnvironment@15a04efb], contextLoader = 'org.springframework.boot.test.context.SpringBootContextLoader', parent = [null]], attributes = map['org.springframework.test.context.event.ApplicationEventsTestExecutionListener.recordApplicationEvents' -> false]]; transaction manager [org.springframework.orm.jpa.JpaTransactionManager@47fc9ce]; rollback [true]
Hibernate: select giftcertif0_.id as id1_4_0_, giftcertif0_.create_date as create_d2_4_0_, giftcertif0_.description as descript3_4_0_, giftcertif0_.duration as duration4_4_0_, giftcertif0_.last_update_date as last_upd5_4_0_, giftcertif0_.name as name6_4_0_, giftcertif0_.price as price7_4_0_ from certificates giftcertif0_ where giftcertif0_.id=?
2021-10-26 18:55:59.212  INFO 13264 --- [    Test worker] o.s.t.c.transaction.TransactionContext   : Rolled back transaction for test: [DefaultTestContext@5a021cb9 testClass = GiftCertificateDaoImplTest, testInstance = com.epam.esm.dao.impl.GiftCertificateDaoImplTest@3f04fb07, testMethod = shouldReturnEmptyOptionalWhenFindByIdTest@GiftCertificateDaoImplTest, testException = [null], mergedContextConfiguration = [MergedContextConfiguration@51768776 testClass = GiftCertificateDaoImplTest, locations = '{}', classes = '{class com.epam.esm.config.DatabaseConfig}', contextInitializerClasses = '[]', activeProfiles = '{}', propertySourceLocations = '{}', propertySourceProperties = '{org.springframework.boot.test.context.SpringBootTestContextBootstrapper=true}', contextCustomizers = set[org.springframework.boot.test.autoconfigure.actuate.metrics.MetricsExportContextCustomizerFactory$DisableMetricExportContextCustomizer@29df4d43, org.springframework.boot.test.autoconfigure.properties.PropertyMappingContextCustomizer@0, org.springframework.boot.test.autoconfigure.web.servlet.WebDriverContextCustomizerFactory$Customizer@163d04ff, org.springframework.boot.test.context.filter.ExcludeFilterContextCustomizer@788fcafb, org.springframework.boot.test.json.DuplicateJsonObjectContextCustomizerFactory$DuplicateJsonObjectContextCustomizer@1698ee84, org.springframework.boot.test.mock.mockito.MockitoContextCustomizer@0, org.springframework.boot.test.web.client.TestRestTemplateContextCustomizer@5af3a0f, org.springframework.boot.test.context.SpringBootTestArgs@1, org.springframework.boot.test.context.SpringBootTestWebEnvironment@15a04efb], contextLoader = 'org.springframework.boot.test.context.SpringBootContextLoader', parent = [null]], attributes = map['org.springframework.test.context.event.ApplicationEventsTestExecutionListener.recordApplicationEvents' -> false]]
2021-10-26 18:55:59.221  INFO 13264 --- [    Test worker] o.s.t.c.transaction.TransactionContext   : Began transaction (1) for test context [DefaultTestContext@5a021cb9 testClass = GiftCertificateDaoImplTest, testInstance = com.epam.esm.dao.impl.GiftCertificateDaoImplTest@3e3a07ab, testMethod = shouldReturnEmptyOptionalWhenFindByIdTest@GiftCertificateDaoImplTest, testException = [null], mergedContextConfiguration = [MergedContextConfiguration@51768776 testClass = GiftCertificateDaoImplTest, locations = '{}', classes = '{class com.epam.esm.config.DatabaseConfig}', contextInitializerClasses = '[]', activeProfiles = '{}', propertySourceLocations = '{}', propertySourceProperties = '{org.springframework.boot.test.context.SpringBootTestContextBootstrapper=true}', contextCustomizers = set[org.springframework.boot.test.autoconfigure.actuate.metrics.MetricsExportContextCustomizerFactory$DisableMetricExportContextCustomizer@29df4d43, org.springframework.boot.test.autoconfigure.properties.PropertyMappingContextCustomizer@0, org.springframework.boot.test.autoconfigure.web.servlet.WebDriverContextCustomizerFactory$Customizer@163d04ff, org.springframework.boot.test.context.filter.ExcludeFilterContextCustomizer@788fcafb, org.springframework.boot.test.json.DuplicateJsonObjectContextCustomizerFactory$DuplicateJsonObjectContextCustomizer@1698ee84, org.springframework.boot.test.mock.mockito.MockitoContextCustomizer@0, org.springframework.boot.test.web.client.TestRestTemplateContextCustomizer@5af3a0f, org.springframework.boot.test.context.SpringBootTestArgs@1, org.springframework.boot.test.context.SpringBootTestWebEnvironment@15a04efb], contextLoader = 'org.springframework.boot.test.context.SpringBootContextLoader', parent = [null]], attributes = map['org.springframework.test.context.event.ApplicationEventsTestExecutionListener.recordApplicationEvents' -> false]]; transaction manager [org.springframework.orm.jpa.JpaTransactionManager@47fc9ce]; rollback [true]
Hibernate: select giftcertif0_.id as id1_4_0_, giftcertif0_.create_date as create_d2_4_0_, giftcertif0_.description as descript3_4_0_, giftcertif0_.duration as duration4_4_0_, giftcertif0_.last_update_date as last_upd5_4_0_, giftcertif0_.name as name6_4_0_, giftcertif0_.price as price7_4_0_ from certificates giftcertif0_ where giftcertif0_.id=?
2021-10-26 18:55:59.232  INFO 13264 --- [    Test worker] o.s.t.c.transaction.TransactionContext   : Rolled back transaction for test: [DefaultTestContext@5a021cb9 testClass = GiftCertificateDaoImplTest, testInstance = com.epam.esm.dao.impl.GiftCertificateDaoImplTest@3e3a07ab, testMethod = shouldReturnEmptyOptionalWhenFindByIdTest@GiftCertificateDaoImplTest, testException = [null], mergedContextConfiguration = [MergedContextConfiguration@51768776 testClass = GiftCertificateDaoImplTest, locations = '{}', classes = '{class com.epam.esm.config.DatabaseConfig}', contextInitializerClasses = '[]', activeProfiles = '{}', propertySourceLocations = '{}', propertySourceProperties = '{org.springframework.boot.test.context.SpringBootTestContextBootstrapper=true}', contextCustomizers = set[org.springframework.boot.test.autoconfigure.actuate.metrics.MetricsExportContextCustomizerFactory$DisableMetricExportContextCustomizer@29df4d43, org.springframework.boot.test.autoconfigure.properties.PropertyMappingContextCustomizer@0, org.springframework.boot.test.autoconfigure.web.servlet.WebDriverContextCustomizerFactory$Customizer@163d04ff, org.springframework.boot.test.context.filter.ExcludeFilterContextCustomizer@788fcafb, org.springframework.boot.test.json.DuplicateJsonObjectContextCustomizerFactory$DuplicateJsonObjectContextCustomizer@1698ee84, org.springframework.boot.test.mock.mockito.MockitoContextCustomizer@0, org.springframework.boot.test.web.client.TestRestTemplateContextCustomizer@5af3a0f, org.springframework.boot.test.context.SpringBootTestArgs@1, org.springframework.boot.test.context.SpringBootTestWebEnvironment@15a04efb], contextLoader = 'org.springframework.boot.test.context.SpringBootContextLoader', parent = [null]], attributes = map['org.springframework.test.context.event.ApplicationEventsTestExecutionListener.recordApplicationEvents' -> false]]
2021-10-26 18:55:59.239  INFO 13264 --- [    Test worker] o.s.t.c.transaction.TransactionContext   : Began transaction (1) for test context [DefaultTestContext@5a021cb9 testClass = GiftCertificateDaoImplTest, testInstance = com.epam.esm.dao.impl.GiftCertificateDaoImplTest@1002f859, testMethod = updateCertificateCorrectDataShouldNotThrowExceptionTest@GiftCertificateDaoImplTest, testException = [null], mergedContextConfiguration = [MergedContextConfiguration@51768776 testClass = GiftCertificateDaoImplTest, locations = '{}', classes = '{class com.epam.esm.config.DatabaseConfig}', contextInitializerClasses = '[]', activeProfiles = '{}', propertySourceLocations = '{}', propertySourceProperties = '{org.springframework.boot.test.context.SpringBootTestContextBootstrapper=true}', contextCustomizers = set[org.springframework.boot.test.autoconfigure.actuate.metrics.MetricsExportContextCustomizerFactory$DisableMetricExportContextCustomizer@29df4d43, org.springframework.boot.test.autoconfigure.properties.PropertyMappingContextCustomizer@0, org.springframework.boot.test.autoconfigure.web.servlet.WebDriverContextCustomizerFactory$Customizer@163d04ff, org.springframework.boot.test.context.filter.ExcludeFilterContextCustomizer@788fcafb, org.springframework.boot.test.json.DuplicateJsonObjectContextCustomizerFactory$DuplicateJsonObjectContextCustomizer@1698ee84, org.springframework.boot.test.mock.mockito.MockitoContextCustomizer@0, org.springframework.boot.test.web.client.TestRestTemplateContextCustomizer@5af3a0f, org.springframework.boot.test.context.SpringBootTestArgs@1, org.springframework.boot.test.context.SpringBootTestWebEnvironment@15a04efb], contextLoader = 'org.springframework.boot.test.context.SpringBootContextLoader', parent = [null]], attributes = map['org.springframework.test.context.event.ApplicationEventsTestExecutionListener.recordApplicationEvents' -> false]]; transaction manager [org.springframework.orm.jpa.JpaTransactionManager@47fc9ce]; rollback [true]
Hibernate: insert into certificates (id, create_date, description, duration, last_update_date, name, price) values (null, ?, ?, ?, ?, ?, ?)
2021-10-26 18:55:59.258  INFO 13264 --- [    Test worker] o.s.t.c.transaction.TransactionContext   : Rolled back transaction for test: [DefaultTestContext@5a021cb9 testClass = GiftCertificateDaoImplTest, testInstance = com.epam.esm.dao.impl.GiftCertificateDaoImplTest@1002f859, testMethod = updateCertificateCorrectDataShouldNotThrowExceptionTest@GiftCertificateDaoImplTest, testException = [null], mergedContextConfiguration = [MergedContextConfiguration@51768776 testClass = GiftCertificateDaoImplTest, locations = '{}', classes = '{class com.epam.esm.config.DatabaseConfig}', contextInitializerClasses = '[]', activeProfiles = '{}', propertySourceLocations = '{}', propertySourceProperties = '{org.springframework.boot.test.context.SpringBootTestContextBootstrapper=true}', contextCustomizers = set[org.springframework.boot.test.autoconfigure.actuate.metrics.MetricsExportContextCustomizerFactory$DisableMetricExportContextCustomizer@29df4d43, org.springframework.boot.test.autoconfigure.properties.PropertyMappingContextCustomizer@0, org.springframework.boot.test.autoconfigure.web.servlet.WebDriverContextCustomizerFactory$Customizer@163d04ff, org.springframework.boot.test.context.filter.ExcludeFilterContextCustomizer@788fcafb, org.springframework.boot.test.json.DuplicateJsonObjectContextCustomizerFactory$DuplicateJsonObjectContextCustomizer@1698ee84, org.springframework.boot.test.mock.mockito.MockitoContextCustomizer@0, org.springframework.boot.test.web.client.TestRestTemplateContextCustomizer@5af3a0f, org.springframework.boot.test.context.SpringBootTestArgs@1, org.springframework.boot.test.context.SpringBootTestWebEnvironment@15a04efb], contextLoader = 'org.springframework.boot.test.context.SpringBootContextLoader', parent = [null]], attributes = map['org.springframework.test.context.event.ApplicationEventsTestExecutionListener.recordApplicationEvents' -> false]]
2021-10-26 18:55:59.265  INFO 13264 --- [    Test worker] o.s.t.c.transaction.TransactionContext   : Began transaction (1) for test context [DefaultTestContext@5a021cb9 testClass = GiftCertificateDaoImplTest, testInstance = com.epam.esm.dao.impl.GiftCertificateDaoImplTest@3d8b9dee, testMethod = updateCertificateCorrectDataShouldNotThrowExceptionTest@GiftCertificateDaoImplTest, testException = [null], mergedContextConfiguration = [MergedContextConfiguration@51768776 testClass = GiftCertificateDaoImplTest, locations = '{}', classes = '{class com.epam.esm.config.DatabaseConfig}', contextInitializerClasses = '[]', activeProfiles = '{}', propertySourceLocations = '{}', propertySourceProperties = '{org.springframework.boot.test.context.SpringBootTestContextBootstrapper=true}', contextCustomizers = set[org.springframework.boot.test.autoconfigure.actuate.metrics.MetricsExportContextCustomizerFactory$DisableMetricExportContextCustomizer@29df4d43, org.springframework.boot.test.autoconfigure.properties.PropertyMappingContextCustomizer@0, org.springframework.boot.test.autoconfigure.web.servlet.WebDriverContextCustomizerFactory$Customizer@163d04ff, org.springframework.boot.test.context.filter.ExcludeFilterContextCustomizer@788fcafb, org.springframework.boot.test.json.DuplicateJsonObjectContextCustomizerFactory$DuplicateJsonObjectContextCustomizer@1698ee84, org.springframework.boot.test.mock.mockito.MockitoContextCustomizer@0, org.springframework.boot.test.web.client.TestRestTemplateContextCustomizer@5af3a0f, org.springframework.boot.test.context.SpringBootTestArgs@1, org.springframework.boot.test.context.SpringBootTestWebEnvironment@15a04efb], contextLoader = 'org.springframework.boot.test.context.SpringBootContextLoader', parent = [null]], attributes = map['org.springframework.test.context.event.ApplicationEventsTestExecutionListener.recordApplicationEvents' -> false]]; transaction manager [org.springframework.orm.jpa.JpaTransactionManager@47fc9ce]; rollback [true]
Hibernate: insert into certificates (id, create_date, description, duration, last_update_date, name, price) values (null, ?, ?, ?, ?, ?, ?)
2021-10-26 18:55:59.277  INFO 13264 --- [    Test worker] o.s.t.c.transaction.TransactionContext   : Rolled back transaction for test: [DefaultTestContext@5a021cb9 testClass = GiftCertificateDaoImplTest, testInstance = com.epam.esm.dao.impl.GiftCertificateDaoImplTest@3d8b9dee, testMethod = updateCertificateCorrectDataShouldNotThrowExceptionTest@GiftCertificateDaoImplTest, testException = [null], mergedContextConfiguration = [MergedContextConfiguration@51768776 testClass = GiftCertificateDaoImplTest, locations = '{}', classes = '{class com.epam.esm.config.DatabaseConfig}', contextInitializerClasses = '[]', activeProfiles = '{}', propertySourceLocations = '{}', propertySourceProperties = '{org.springframework.boot.test.context.SpringBootTestContextBootstrapper=true}', contextCustomizers = set[org.springframework.boot.test.autoconfigure.actuate.metrics.MetricsExportContextCustomizerFactory$DisableMetricExportContextCustomizer@29df4d43, org.springframework.boot.test.autoconfigure.properties.PropertyMappingContextCustomizer@0, org.springframework.boot.test.autoconfigure.web.servlet.WebDriverContextCustomizerFactory$Customizer@163d04ff, org.springframework.boot.test.context.filter.ExcludeFilterContextCustomizer@788fcafb, org.springframework.boot.test.json.DuplicateJsonObjectContextCustomizerFactory$DuplicateJsonObjectContextCustomizer@1698ee84, org.springframework.boot.test.mock.mockito.MockitoContextCustomizer@0, org.springframework.boot.test.web.client.TestRestTemplateContextCustomizer@5af3a0f, org.springframework.boot.test.context.SpringBootTestArgs@1, org.springframework.boot.test.context.SpringBootTestWebEnvironment@15a04efb], contextLoader = 'org.springframework.boot.test.context.SpringBootContextLoader', parent = [null]], attributes = map['org.springframework.test.context.event.ApplicationEventsTestExecutionListener.recordApplicationEvents' -> false]]
2021-10-26 18:55:59.281  INFO 13264 --- [    Test worker] o.s.t.c.transaction.TransactionContext   : Began transaction (1) for test context [DefaultTestContext@5a021cb9 testClass = GiftCertificateDaoImplTest, testInstance = com.epam.esm.dao.impl.GiftCertificateDaoImplTest@508abc74, testMethod = updateCertificateCorrectDataShouldNotThrowExceptionTest@GiftCertificateDaoImplTest, testException = [null], mergedContextConfiguration = [MergedContextConfiguration@51768776 testClass = GiftCertificateDaoImplTest, locations = '{}', classes = '{class com.epam.esm.config.DatabaseConfig}', contextInitializerClasses = '[]', activeProfiles = '{}', propertySourceLocations = '{}', propertySourceProperties = '{org.springframework.boot.test.context.SpringBootTestContextBootstrapper=true}', contextCustomizers = set[org.springframework.boot.test.autoconfigure.actuate.metrics.MetricsExportContextCustomizerFactory$DisableMetricExportContextCustomizer@29df4d43, org.springframework.boot.test.autoconfigure.properties.PropertyMappingContextCustomizer@0, org.springframework.boot.test.autoconfigure.web.servlet.WebDriverContextCustomizerFactory$Customizer@163d04ff, org.springframework.boot.test.context.filter.ExcludeFilterContextCustomizer@788fcafb, org.springframework.boot.test.json.DuplicateJsonObjectContextCustomizerFactory$DuplicateJsonObjectContextCustomizer@1698ee84, org.springframework.boot.test.mock.mockito.MockitoContextCustomizer@0, org.springframework.boot.test.web.client.TestRestTemplateContextCustomizer@5af3a0f, org.springframework.boot.test.context.SpringBootTestArgs@1, org.springframework.boot.test.context.SpringBootTestWebEnvironment@15a04efb], contextLoader = 'org.springframework.boot.test.context.SpringBootContextLoader', parent = [null]], attributes = map['org.springframework.test.context.event.ApplicationEventsTestExecutionListener.recordApplicationEvents' -> false]]; transaction manager [org.springframework.orm.jpa.JpaTransactionManager@47fc9ce]; rollback [true]
Hibernate: insert into certificates (id, create_date, description, duration, last_update_date, name, price) values (null, ?, ?, ?, ?, ?, ?)
2021-10-26 18:55:59.287  INFO 13264 --- [    Test worker] o.s.t.c.transaction.TransactionContext   : Rolled back transaction for test: [DefaultTestContext@5a021cb9 testClass = GiftCertificateDaoImplTest, testInstance = com.epam.esm.dao.impl.GiftCertificateDaoImplTest@508abc74, testMethod = updateCertificateCorrectDataShouldNotThrowExceptionTest@GiftCertificateDaoImplTest, testException = [null], mergedContextConfiguration = [MergedContextConfiguration@51768776 testClass = GiftCertificateDaoImplTest, locations = '{}', classes = '{class com.epam.esm.config.DatabaseConfig}', contextInitializerClasses = '[]', activeProfiles = '{}', propertySourceLocations = '{}', propertySourceProperties = '{org.springframework.boot.test.context.SpringBootTestContextBootstrapper=true}', contextCustomizers = set[org.springframework.boot.test.autoconfigure.actuate.metrics.MetricsExportContextCustomizerFactory$DisableMetricExportContextCustomizer@29df4d43, org.springframework.boot.test.autoconfigure.properties.PropertyMappingContextCustomizer@0, org.springframework.boot.test.autoconfigure.web.servlet.WebDriverContextCustomizerFactory$Customizer@163d04ff, org.springframework.boot.test.context.filter.ExcludeFilterContextCustomizer@788fcafb, org.springframework.boot.test.json.DuplicateJsonObjectContextCustomizerFactory$DuplicateJsonObjectContextCustomizer@1698ee84, org.springframework.boot.test.mock.mockito.MockitoContextCustomizer@0, org.springframework.boot.test.web.client.TestRestTemplateContextCustomizer@5af3a0f, org.springframework.boot.test.context.SpringBootTestArgs@1, org.springframework.boot.test.context.SpringBootTestWebEnvironment@15a04efb], contextLoader = 'org.springframework.boot.test.context.SpringBootContextLoader', parent = [null]], attributes = map['org.springframework.test.context.event.ApplicationEventsTestExecutionListener.recordApplicationEvents' -> false]]
2021-10-26 18:55:59.294  INFO 13264 --- [    Test worker] o.s.t.c.transaction.TransactionContext   : Began transaction (1) for test context [DefaultTestContext@5a021cb9 testClass = GiftCertificateDaoImplTest, testInstance = com.epam.esm.dao.impl.GiftCertificateDaoImplTest@677d4cea, testMethod = shouldReturnListOfTagsWhenFindAllTest@GiftCertificateDaoImplTest, testException = [null], mergedContextConfiguration = [MergedContextConfiguration@51768776 testClass = GiftCertificateDaoImplTest, locations = '{}', classes = '{class com.epam.esm.config.DatabaseConfig}', contextInitializerClasses = '[]', activeProfiles = '{}', propertySourceLocations = '{}', propertySourceProperties = '{org.springframework.boot.test.context.SpringBootTestContextBootstrapper=true}', contextCustomizers = set[org.springframework.boot.test.autoconfigure.actuate.metrics.MetricsExportContextCustomizerFactory$DisableMetricExportContextCustomizer@29df4d43, org.springframework.boot.test.autoconfigure.properties.PropertyMappingContextCustomizer@0, org.springframework.boot.test.autoconfigure.web.servlet.WebDriverContextCustomizerFactory$Customizer@163d04ff, org.springframework.boot.test.context.filter.ExcludeFilterContextCustomizer@788fcafb, org.springframework.boot.test.json.DuplicateJsonObjectContextCustomizerFactory$DuplicateJsonObjectContextCustomizer@1698ee84, org.springframework.boot.test.mock.mockito.MockitoContextCustomizer@0, org.springframework.boot.test.web.client.TestRestTemplateContextCustomizer@5af3a0f, org.springframework.boot.test.context.SpringBootTestArgs@1, org.springframework.boot.test.context.SpringBootTestWebEnvironment@15a04efb], contextLoader = 'org.springframework.boot.test.context.SpringBootContextLoader', parent = [null]], attributes = map['org.springframework.test.context.event.ApplicationEventsTestExecutionListener.recordApplicationEvents' -> false]]; transaction manager [org.springframework.orm.jpa.JpaTransactionManager@47fc9ce]; rollback [true]
Hibernate: insert into certificates (id, create_date, description, duration, last_update_date, name, price) values (null, ?, ?, ?, ?, ?, ?)
Hibernate: insert into certificates (id, create_date, description, duration, last_update_date, name, price) values (null, ?, ?, ?, ?, ?, ?)
Hibernate: insert into certificates (id, create_date, description, duration, last_update_date, name, price) values (null, ?, ?, ?, ?, ?, ?)
Hibernate: select giftcertif0_.id as id1_4_, giftcertif0_.create_date as create_d2_4_, giftcertif0_.description as descript3_4_, giftcertif0_.duration as duration4_4_, giftcertif0_.last_update_date as last_upd5_4_, giftcertif0_.name as name6_4_, giftcertif0_.price as price7_4_ from certificates giftcertif0_ limit ?
2021-10-26 18:55:59.313  INFO 13264 --- [    Test worker] o.s.t.c.transaction.TransactionContext   : Rolled back transaction for test: [DefaultTestContext@5a021cb9 testClass = GiftCertificateDaoImplTest, testInstance = com.epam.esm.dao.impl.GiftCertificateDaoImplTest@677d4cea, testMethod = shouldReturnListOfTagsWhenFindAllTest@GiftCertificateDaoImplTest, testException = [null], mergedContextConfiguration = [MergedContextConfiguration@51768776 testClass = GiftCertificateDaoImplTest, locations = '{}', classes = '{class com.epam.esm.config.DatabaseConfig}', contextInitializerClasses = '[]', activeProfiles = '{}', propertySourceLocations = '{}', propertySourceProperties = '{org.springframework.boot.test.context.SpringBootTestContextBootstrapper=true}', contextCustomizers = set[org.springframework.boot.test.autoconfigure.actuate.metrics.MetricsExportContextCustomizerFactory$DisableMetricExportContextCustomizer@29df4d43, org.springframework.boot.test.autoconfigure.properties.PropertyMappingContextCustomizer@0, org.springframework.boot.test.autoconfigure.web.servlet.WebDriverContextCustomizerFactory$Customizer@163d04ff, org.springframework.boot.test.context.filter.ExcludeFilterContextCustomizer@788fcafb, org.springframework.boot.test.json.DuplicateJsonObjectContextCustomizerFactory$DuplicateJsonObjectContextCustomizer@1698ee84, org.springframework.boot.test.mock.mockito.MockitoContextCustomizer@0, org.springframework.boot.test.web.client.TestRestTemplateContextCustomizer@5af3a0f, org.springframework.boot.test.context.SpringBootTestArgs@1, org.springframework.boot.test.context.SpringBootTestWebEnvironment@15a04efb], contextLoader = 'org.springframework.boot.test.context.SpringBootContextLoader', parent = [null]], attributes = map['org.springframework.test.context.event.ApplicationEventsTestExecutionListener.recordApplicationEvents' -> false]]
2021-10-26 18:55:59.317  INFO 13264 --- [    Test worker] o.s.t.c.transaction.TransactionContext   : Began transaction (1) for test context [DefaultTestContext@5a021cb9 testClass = GiftCertificateDaoImplTest, testInstance = com.epam.esm.dao.impl.GiftCertificateDaoImplTest@71842e18, testMethod = shouldReturnUpdatedCertificateTest@GiftCertificateDaoImplTest, testException = [null], mergedContextConfiguration = [MergedContextConfiguration@51768776 testClass = GiftCertificateDaoImplTest, locations = '{}', classes = '{class com.epam.esm.config.DatabaseConfig}', contextInitializerClasses = '[]', activeProfiles = '{}', propertySourceLocations = '{}', propertySourceProperties = '{org.springframework.boot.test.context.SpringBootTestContextBootstrapper=true}', contextCustomizers = set[org.springframework.boot.test.autoconfigure.actuate.metrics.MetricsExportContextCustomizerFactory$DisableMetricExportContextCustomizer@29df4d43, org.springframework.boot.test.autoconfigure.properties.PropertyMappingContextCustomizer@0, org.springframework.boot.test.autoconfigure.web.servlet.WebDriverContextCustomizerFactory$Customizer@163d04ff, org.springframework.boot.test.context.filter.ExcludeFilterContextCustomizer@788fcafb, org.springframework.boot.test.json.DuplicateJsonObjectContextCustomizerFactory$DuplicateJsonObjectContextCustomizer@1698ee84, org.springframework.boot.test.mock.mockito.MockitoContextCustomizer@0, org.springframework.boot.test.web.client.TestRestTemplateContextCustomizer@5af3a0f, org.springframework.boot.test.context.SpringBootTestArgs@1, org.springframework.boot.test.context.SpringBootTestWebEnvironment@15a04efb], contextLoader = 'org.springframework.boot.test.context.SpringBootContextLoader', parent = [null]], attributes = map['org.springframework.test.context.event.ApplicationEventsTestExecutionListener.recordApplicationEvents' -> false]]; transaction manager [org.springframework.orm.jpa.JpaTransactionManager@47fc9ce]; rollback [true]
Hibernate: select giftcertif0_.id as id1_4_1_, giftcertif0_.create_date as create_d2_4_1_, giftcertif0_.description as descript3_4_1_, giftcertif0_.duration as duration4_4_1_, giftcertif0_.last_update_date as last_upd5_4_1_, giftcertif0_.name as name6_4_1_, giftcertif0_.price as price7_4_1_, tags1_.certificate_id as certific1_2_3_, tag2_.id as tag_id2_2_3_, tag2_.id as id1_7_0_, tag2_.name as name2_7_0_ from certificates giftcertif0_ left outer join certificate_tags tags1_ on giftcertif0_.id=tags1_.certificate_id left outer join tags tag2_ on tags1_.tag_id=tag2_.id where giftcertif0_.id=?
Hibernate: insert into certificates (id, create_date, description, duration, last_update_date, name, price) values (null, ?, ?, ?, ?, ?, ?)
2021-10-26 18:55:59.339  INFO 13264 --- [    Test worker] o.s.t.c.transaction.TransactionContext   : Rolled back transaction for test: [DefaultTestContext@5a021cb9 testClass = GiftCertificateDaoImplTest, testInstance = com.epam.esm.dao.impl.GiftCertificateDaoImplTest@71842e18, testMethod = shouldReturnUpdatedCertificateTest@GiftCertificateDaoImplTest, testException = [null], mergedContextConfiguration = [MergedContextConfiguration@51768776 testClass = GiftCertificateDaoImplTest, locations = '{}', classes = '{class com.epam.esm.config.DatabaseConfig}', contextInitializerClasses = '[]', activeProfiles = '{}', propertySourceLocations = '{}', propertySourceProperties = '{org.springframework.boot.test.context.SpringBootTestContextBootstrapper=true}', contextCustomizers = set[org.springframework.boot.test.autoconfigure.actuate.metrics.MetricsExportContextCustomizerFactory$DisableMetricExportContextCustomizer@29df4d43, org.springframework.boot.test.autoconfigure.properties.PropertyMappingContextCustomizer@0, org.springframework.boot.test.autoconfigure.web.servlet.WebDriverContextCustomizerFactory$Customizer@163d04ff, org.springframework.boot.test.context.filter.ExcludeFilterContextCustomizer@788fcafb, org.springframework.boot.test.json.DuplicateJsonObjectContextCustomizerFactory$DuplicateJsonObjectContextCustomizer@1698ee84, org.springframework.boot.test.mock.mockito.MockitoContextCustomizer@0, org.springframework.boot.test.web.client.TestRestTemplateContextCustomizer@5af3a0f, org.springframework.boot.test.context.SpringBootTestArgs@1, org.springframework.boot.test.context.SpringBootTestWebEnvironment@15a04efb], contextLoader = 'org.springframework.boot.test.context.SpringBootContextLoader', parent = [null]], attributes = map['org.springframework.test.context.event.ApplicationEventsTestExecutionListener.recordApplicationEvents' -> false]]
2021-10-26 18:55:59.345  INFO 13264 --- [    Test worker] o.s.t.c.transaction.TransactionContext   : Began transaction (1) for test context [DefaultTestContext@5a021cb9 testClass = GiftCertificateDaoImplTest, testInstance = com.epam.esm.dao.impl.GiftCertificateDaoImplTest@288915a1, testMethod = deleteIncorrectDataShouldThrowExceptionTest@GiftCertificateDaoImplTest, testException = [null], mergedContextConfiguration = [MergedContextConfiguration@51768776 testClass = GiftCertificateDaoImplTest, locations = '{}', classes = '{class com.epam.esm.config.DatabaseConfig}', contextInitializerClasses = '[]', activeProfiles = '{}', propertySourceLocations = '{}', propertySourceProperties = '{org.springframework.boot.test.context.SpringBootTestContextBootstrapper=true}', contextCustomizers = set[org.springframework.boot.test.autoconfigure.actuate.metrics.MetricsExportContextCustomizerFactory$DisableMetricExportContextCustomizer@29df4d43, org.springframework.boot.test.autoconfigure.properties.PropertyMappingContextCustomizer@0, org.springframework.boot.test.autoconfigure.web.servlet.WebDriverContextCustomizerFactory$Customizer@163d04ff, org.springframework.boot.test.context.filter.ExcludeFilterContextCustomizer@788fcafb, org.springframework.boot.test.json.DuplicateJsonObjectContextCustomizerFactory$DuplicateJsonObjectContextCustomizer@1698ee84, org.springframework.boot.test.mock.mockito.MockitoContextCustomizer@0, org.springframework.boot.test.web.client.TestRestTemplateContextCustomizer@5af3a0f, org.springframework.boot.test.context.SpringBootTestArgs@1, org.springframework.boot.test.context.SpringBootTestWebEnvironment@15a04efb], contextLoader = 'org.springframework.boot.test.context.SpringBootContextLoader', parent = [null]], attributes = map['org.springframework.test.context.event.ApplicationEventsTestExecutionListener.recordApplicationEvents' -> false]]; transaction manager [org.springframework.orm.jpa.JpaTransactionManager@47fc9ce]; rollback [true]
Hibernate: select giftcertif0_.id as id1_4_0_, giftcertif0_.create_date as create_d2_4_0_, giftcertif0_.description as descript3_4_0_, giftcertif0_.duration as duration4_4_0_, giftcertif0_.last_update_date as last_upd5_4_0_, giftcertif0_.name as name6_4_0_, giftcertif0_.price as price7_4_0_ from certificates giftcertif0_ where giftcertif0_.id=?
2021-10-26 18:55:59.368  INFO 13264 --- [    Test worker] o.s.t.c.transaction.TransactionContext   : Rolled back transaction for test: [DefaultTestContext@5a021cb9 testClass = GiftCertificateDaoImplTest, testInstance = com.epam.esm.dao.impl.GiftCertificateDaoImplTest@288915a1, testMethod = deleteIncorrectDataShouldThrowExceptionTest@GiftCertificateDaoImplTest, testException = [null], mergedContextConfiguration = [MergedContextConfiguration@51768776 testClass = GiftCertificateDaoImplTest, locations = '{}', classes = '{class com.epam.esm.config.DatabaseConfig}', contextInitializerClasses = '[]', activeProfiles = '{}', propertySourceLocations = '{}', propertySourceProperties = '{org.springframework.boot.test.context.SpringBootTestContextBootstrapper=true}', contextCustomizers = set[org.springframework.boot.test.autoconfigure.actuate.metrics.MetricsExportContextCustomizerFactory$DisableMetricExportContextCustomizer@29df4d43, org.springframework.boot.test.autoconfigure.properties.PropertyMappingContextCustomizer@0, org.springframework.boot.test.autoconfigure.web.servlet.WebDriverContextCustomizerFactory$Customizer@163d04ff, org.springframework.boot.test.context.filter.ExcludeFilterContextCustomizer@788fcafb, org.springframework.boot.test.json.DuplicateJsonObjectContextCustomizerFactory$DuplicateJsonObjectContextCustomizer@1698ee84, org.springframework.boot.test.mock.mockito.MockitoContextCustomizer@0, org.springframework.boot.test.web.client.TestRestTemplateContextCustomizer@5af3a0f, org.springframework.boot.test.context.SpringBootTestArgs@1, org.springframework.boot.test.context.SpringBootTestWebEnvironment@15a04efb], contextLoader = 'org.springframework.boot.test.context.SpringBootContextLoader', parent = [null]], attributes = map['org.springframework.test.context.event.ApplicationEventsTestExecutionListener.recordApplicationEvents' -> false]]
2021-10-26 18:55:59.376  INFO 13264 --- [    Test worker] o.s.t.c.transaction.TransactionContext   : Began transaction (1) for test context [DefaultTestContext@5a021cb9 testClass = GiftCertificateDaoImplTest, testInstance = com.epam.esm.dao.impl.GiftCertificateDaoImplTest@28b16193, testMethod = deleteIncorrectDataShouldThrowExceptionTest@GiftCertificateDaoImplTest, testException = [null], mergedContextConfiguration = [MergedContextConfiguration@51768776 testClass = GiftCertificateDaoImplTest, locations = '{}', classes = '{class com.epam.esm.config.DatabaseConfig}', contextInitializerClasses = '[]', activeProfiles = '{}', propertySourceLocations = '{}', propertySourceProperties = '{org.springframework.boot.test.context.SpringBootTestContextBootstrapper=true}', contextCustomizers = set[org.springframework.boot.test.autoconfigure.actuate.metrics.MetricsExportContextCustomizerFactory$DisableMetricExportContextCustomizer@29df4d43, org.springframework.boot.test.autoconfigure.properties.PropertyMappingContextCustomizer@0, org.springframework.boot.test.autoconfigure.web.servlet.WebDriverContextCustomizerFactory$Customizer@163d04ff, org.springframework.boot.test.context.filter.ExcludeFilterContextCustomizer@788fcafb, org.springframework.boot.test.json.DuplicateJsonObjectContextCustomizerFactory$DuplicateJsonObjectContextCustomizer@1698ee84, org.springframework.boot.test.mock.mockito.MockitoContextCustomizer@0, org.springframework.boot.test.web.client.TestRestTemplateContextCustomizer@5af3a0f, org.springframework.boot.test.context.SpringBootTestArgs@1, org.springframework.boot.test.context.SpringBootTestWebEnvironment@15a04efb], contextLoader = 'org.springframework.boot.test.context.SpringBootContextLoader', parent = [null]], attributes = map['org.springframework.test.context.event.ApplicationEventsTestExecutionListener.recordApplicationEvents' -> false]]; transaction manager [org.springframework.orm.jpa.JpaTransactionManager@47fc9ce]; rollback [true]
Hibernate: select giftcertif0_.id as id1_4_0_, giftcertif0_.create_date as create_d2_4_0_, giftcertif0_.description as descript3_4_0_, giftcertif0_.duration as duration4_4_0_, giftcertif0_.last_update_date as last_upd5_4_0_, giftcertif0_.name as name6_4_0_, giftcertif0_.price as price7_4_0_ from certificates giftcertif0_ where giftcertif0_.id=?
2021-10-26 18:55:59.385  INFO 13264 --- [    Test worker] o.s.t.c.transaction.TransactionContext   : Rolled back transaction for test: [DefaultTestContext@5a021cb9 testClass = GiftCertificateDaoImplTest, testInstance = com.epam.esm.dao.impl.GiftCertificateDaoImplTest@28b16193, testMethod = deleteIncorrectDataShouldThrowExceptionTest@GiftCertificateDaoImplTest, testException = [null], mergedContextConfiguration = [MergedContextConfiguration@51768776 testClass = GiftCertificateDaoImplTest, locations = '{}', classes = '{class com.epam.esm.config.DatabaseConfig}', contextInitializerClasses = '[]', activeProfiles = '{}', propertySourceLocations = '{}', propertySourceProperties = '{org.springframework.boot.test.context.SpringBootTestContextBootstrapper=true}', contextCustomizers = set[org.springframework.boot.test.autoconfigure.actuate.metrics.MetricsExportContextCustomizerFactory$DisableMetricExportContextCustomizer@29df4d43, org.springframework.boot.test.autoconfigure.properties.PropertyMappingContextCustomizer@0, org.springframework.boot.test.autoconfigure.web.servlet.WebDriverContextCustomizerFactory$Customizer@163d04ff, org.springframework.boot.test.context.filter.ExcludeFilterContextCustomizer@788fcafb, org.springframework.boot.test.json.DuplicateJsonObjectContextCustomizerFactory$DuplicateJsonObjectContextCustomizer@1698ee84, org.springframework.boot.test.mock.mockito.MockitoContextCustomizer@0, org.springframework.boot.test.web.client.TestRestTemplateContextCustomizer@5af3a0f, org.springframework.boot.test.context.SpringBootTestArgs@1, org.springframework.boot.test.context.SpringBootTestWebEnvironment@15a04efb], contextLoader = 'org.springframework.boot.test.context.SpringBootContextLoader', parent = [null]], attributes = map['org.springframework.test.context.event.ApplicationEventsTestExecutionListener.recordApplicationEvents' -> false]]
2021-10-26 18:55:59.389  INFO 13264 --- [    Test worker] o.s.t.c.transaction.TransactionContext   : Began transaction (1) for test context [DefaultTestContext@5a021cb9 testClass = GiftCertificateDaoImplTest, testInstance = com.epam.esm.dao.impl.GiftCertificateDaoImplTest@446fb72e, testMethod = deleteIncorrectDataShouldThrowExceptionTest@GiftCertificateDaoImplTest, testException = [null], mergedContextConfiguration = [MergedContextConfiguration@51768776 testClass = GiftCertificateDaoImplTest, locations = '{}', classes = '{class com.epam.esm.config.DatabaseConfig}', contextInitializerClasses = '[]', activeProfiles = '{}', propertySourceLocations = '{}', propertySourceProperties = '{org.springframework.boot.test.context.SpringBootTestContextBootstrapper=true}', contextCustomizers = set[org.springframework.boot.test.autoconfigure.actuate.metrics.MetricsExportContextCustomizerFactory$DisableMetricExportContextCustomizer@29df4d43, org.springframework.boot.test.autoconfigure.properties.PropertyMappingContextCustomizer@0, org.springframework.boot.test.autoconfigure.web.servlet.WebDriverContextCustomizerFactory$Customizer@163d04ff, org.springframework.boot.test.context.filter.ExcludeFilterContextCustomizer@788fcafb, org.springframework.boot.test.json.DuplicateJsonObjectContextCustomizerFactory$DuplicateJsonObjectContextCustomizer@1698ee84, org.springframework.boot.test.mock.mockito.MockitoContextCustomizer@0, org.springframework.boot.test.web.client.TestRestTemplateContextCustomizer@5af3a0f, org.springframework.boot.test.context.SpringBootTestArgs@1, org.springframework.boot.test.context.SpringBootTestWebEnvironment@15a04efb], contextLoader = 'org.springframework.boot.test.context.SpringBootContextLoader', parent = [null]], attributes = map['org.springframework.test.context.event.ApplicationEventsTestExecutionListener.recordApplicationEvents' -> false]]; transaction manager [org.springframework.orm.jpa.JpaTransactionManager@47fc9ce]; rollback [true]
Hibernate: select giftcertif0_.id as id1_4_0_, giftcertif0_.create_date as create_d2_4_0_, giftcertif0_.description as descript3_4_0_, giftcertif0_.duration as duration4_4_0_, giftcertif0_.last_update_date as last_upd5_4_0_, giftcertif0_.name as name6_4_0_, giftcertif0_.price as price7_4_0_ from certificates giftcertif0_ where giftcertif0_.id=?
2021-10-26 18:55:59.397  INFO 13264 --- [    Test worker] o.s.t.c.transaction.TransactionContext   : Rolled back transaction for test: [DefaultTestContext@5a021cb9 testClass = GiftCertificateDaoImplTest, testInstance = com.epam.esm.dao.impl.GiftCertificateDaoImplTest@446fb72e, testMethod = deleteIncorrectDataShouldThrowExceptionTest@GiftCertificateDaoImplTest, testException = [null], mergedContextConfiguration = [MergedContextConfiguration@51768776 testClass = GiftCertificateDaoImplTest, locations = '{}', classes = '{class com.epam.esm.config.DatabaseConfig}', contextInitializerClasses = '[]', activeProfiles = '{}', propertySourceLocations = '{}', propertySourceProperties = '{org.springframework.boot.test.context.SpringBootTestContextBootstrapper=true}', contextCustomizers = set[org.springframework.boot.test.autoconfigure.actuate.metrics.MetricsExportContextCustomizerFactory$DisableMetricExportContextCustomizer@29df4d43, org.springframework.boot.test.autoconfigure.properties.PropertyMappingContextCustomizer@0, org.springframework.boot.test.autoconfigure.web.servlet.WebDriverContextCustomizerFactory$Customizer@163d04ff, org.springframework.boot.test.context.filter.ExcludeFilterContextCustomizer@788fcafb, org.springframework.boot.test.json.DuplicateJsonObjectContextCustomizerFactory$DuplicateJsonObjectContextCustomizer@1698ee84, org.springframework.boot.test.mock.mockito.MockitoContextCustomizer@0, org.springframework.boot.test.web.client.TestRestTemplateContextCustomizer@5af3a0f, org.springframework.boot.test.context.SpringBootTestArgs@1, org.springframework.boot.test.context.SpringBootTestWebEnvironment@15a04efb], contextLoader = 'org.springframework.boot.test.context.SpringBootContextLoader', parent = [null]], attributes = map['org.springframework.test.context.event.ApplicationEventsTestExecutionListener.recordApplicationEvents' -> false]]
2021-10-26 18:55:59.401  INFO 13264 --- [    Test worker] o.s.t.c.transaction.TransactionContext   : Began transaction (1) for test context [DefaultTestContext@5a021cb9 testClass = GiftCertificateDaoImplTest, testInstance = com.epam.esm.dao.impl.GiftCertificateDaoImplTest@159a0f0e, testMethod = deleteIncorrectDataShouldThrowExceptionTest@GiftCertificateDaoImplTest, testException = [null], mergedContextConfiguration = [MergedContextConfiguration@51768776 testClass = GiftCertificateDaoImplTest, locations = '{}', classes = '{class com.epam.esm.config.DatabaseConfig}', contextInitializerClasses = '[]', activeProfiles = '{}', propertySourceLocations = '{}', propertySourceProperties = '{org.springframework.boot.test.context.SpringBootTestContextBootstrapper=true}', contextCustomizers = set[org.springframework.boot.test.autoconfigure.actuate.metrics.MetricsExportContextCustomizerFactory$DisableMetricExportContextCustomizer@29df4d43, org.springframework.boot.test.autoconfigure.properties.PropertyMappingContextCustomizer@0, org.springframework.boot.test.autoconfigure.web.servlet.WebDriverContextCustomizerFactory$Customizer@163d04ff, org.springframework.boot.test.context.filter.ExcludeFilterContextCustomizer@788fcafb, org.springframework.boot.test.json.DuplicateJsonObjectContextCustomizerFactory$DuplicateJsonObjectContextCustomizer@1698ee84, org.springframework.boot.test.mock.mockito.MockitoContextCustomizer@0, org.springframework.boot.test.web.client.TestRestTemplateContextCustomizer@5af3a0f, org.springframework.boot.test.context.SpringBootTestArgs@1, org.springframework.boot.test.context.SpringBootTestWebEnvironment@15a04efb], contextLoader = 'org.springframework.boot.test.context.SpringBootContextLoader', parent = [null]], attributes = map['org.springframework.test.context.event.ApplicationEventsTestExecutionListener.recordApplicationEvents' -> false]]; transaction manager [org.springframework.orm.jpa.JpaTransactionManager@47fc9ce]; rollback [true]
Hibernate: select giftcertif0_.id as id1_4_0_, giftcertif0_.create_date as create_d2_4_0_, giftcertif0_.description as descript3_4_0_, giftcertif0_.duration as duration4_4_0_, giftcertif0_.last_update_date as last_upd5_4_0_, giftcertif0_.name as name6_4_0_, giftcertif0_.price as price7_4_0_ from certificates giftcertif0_ where giftcertif0_.id=?
2021-10-26 18:55:59.411  INFO 13264 --- [    Test worker] o.s.t.c.transaction.TransactionContext   : Rolled back transaction for test: [DefaultTestContext@5a021cb9 testClass = GiftCertificateDaoImplTest, testInstance = com.epam.esm.dao.impl.GiftCertificateDaoImplTest@159a0f0e, testMethod = deleteIncorrectDataShouldThrowExceptionTest@GiftCertificateDaoImplTest, testException = [null], mergedContextConfiguration = [MergedContextConfiguration@51768776 testClass = GiftCertificateDaoImplTest, locations = '{}', classes = '{class com.epam.esm.config.DatabaseConfig}', contextInitializerClasses = '[]', activeProfiles = '{}', propertySourceLocations = '{}', propertySourceProperties = '{org.springframework.boot.test.context.SpringBootTestContextBootstrapper=true}', contextCustomizers = set[org.springframework.boot.test.autoconfigure.actuate.metrics.MetricsExportContextCustomizerFactory$DisableMetricExportContextCustomizer@29df4d43, org.springframework.boot.test.autoconfigure.properties.PropertyMappingContextCustomizer@0, org.springframework.boot.test.autoconfigure.web.servlet.WebDriverContextCustomizerFactory$Customizer@163d04ff, org.springframework.boot.test.context.filter.ExcludeFilterContextCustomizer@788fcafb, org.springframework.boot.test.json.DuplicateJsonObjectContextCustomizerFactory$DuplicateJsonObjectContextCustomizer@1698ee84, org.springframework.boot.test.mock.mockito.MockitoContextCustomizer@0, org.springframework.boot.test.web.client.TestRestTemplateContextCustomizer@5af3a0f, org.springframework.boot.test.context.SpringBootTestArgs@1, org.springframework.boot.test.context.SpringBootTestWebEnvironment@15a04efb], contextLoader = 'org.springframework.boot.test.context.SpringBootContextLoader', parent = [null]], attributes = map['org.springframework.test.context.event.ApplicationEventsTestExecutionListener.recordApplicationEvents' -> false]]
]]></system-out>
  <system-err><![CDATA[]]></system-err>
</testsuite>
